This is pdfTeX, Version 3.14159265-2.6-1.40.19 (MiKTeX 2.9.6930 64-bit) (preloaded format=pdflatex 2019.3.18)  9 OCT 2020 11:02
entering extended mode
**./cv2cheatsheet.tex
(cv2cheatsheet.tex
LaTeX2e <2018-12-01>
("C:\Tool\MiKTeX 2.9\tex/latex/base\article.cls"
Document Class: article 2018/09/03 v1.4i Standard LaTeX document class
("C:\Tool\MiKTeX 2.9\tex/latex/base\size10.clo"
File: size10.clo 2018/09/03 v1.4i Standard LaTeX file (size option)
)
\c@part=\count80
\c@section=\count81
\c@subsection=\count82
\c@subsubsection=\count83
\c@paragraph=\count84
\c@subparagraph=\count85
\c@figure=\count86
\c@table=\count87
\abovecaptionskip=\skip41
\belowcaptionskip=\skip42
\bibindent=\dimen102
)
("C:\Tool\MiKTeX 2.9\tex/latex/tools\multicol.sty"
Package: multicol 2018/11/09 v1.8u multicolumn formatting (FMi)
\c@tracingmulticols=\count88
\mult@box=\box27
\multicol@leftmargin=\dimen103
\c@unbalance=\count89
\c@collectmore=\count90
\doublecol@number=\count91
\multicoltolerance=\count92
\multicolpretolerance=\count93
\full@width=\dimen104
\page@free=\dimen105
\premulticols=\dimen106
\postmulticols=\dimen107
\multicolsep=\skip43
\multicolbaselineskip=\skip44
\partial@page=\box28
\last@line=\box29
\maxbalancingoverflow=\dimen108
\mult@rightbox=\box30
\mult@grightbox=\box31
\mult@gfirstbox=\box32
\mult@firstbox=\box33
\@tempa=\box34
\@tempa=\box35
\@tempa=\box36
\@tempa=\box37
\@tempa=\box38
\@tempa=\box39
\@tempa=\box40
\@tempa=\box41
\@tempa=\box42
\@tempa=\box43
\@tempa=\box44
\@tempa=\box45
\@tempa=\box46
\@tempa=\box47
\@tempa=\box48
\@tempa=\box49
\@tempa=\box50
\c@columnbadness=\count94
\c@finalcolumnbadness=\count95
\last@try=\dimen109
\multicolovershoot=\dimen110
\multicolundershoot=\dimen111
\mult@nat@firstbox=\box51
\colbreak@box=\box52
\mc@col@check@num=\count96
)
("C:\Tool\MiKTeX 2.9\tex/latex/tools\calc.sty"
Package: calc 2017/05/25 v4.3 Infix arithmetic (KKT,FJ)
\calc@Acount=\count97
\calc@Bcount=\count98
\calc@Adimen=\dimen112
\calc@Bdimen=\dimen113
\calc@Askip=\skip45
\calc@Bskip=\skip46
LaTeX Info: Redefining \setlength on input line 80.
LaTeX Info: Redefining \addtolength on input line 81.
\calc@Ccount=\count99
\calc@Cskip=\skip47
)
("C:\Tool\MiKTeX 2.9\tex/latex/base\ifthen.sty"
Package: ifthen 2014/09/29 v1.1c Standard LaTeX ifthen package (DPC)
)
("C:\Tool\MiKTeX 2.9\tex/latex/geometry\geometry.sty"
Package: geometry 2018/04/16 v5.8 Page Geometry

("C:\Tool\MiKTeX 2.9\tex/latex/graphics\keyval.sty"
Package: keyval 2014/10/28 v1.15 key=value parser (DPC)
\KV@toks@=\toks14
)
("C:\Tool\MiKTeX 2.9\tex/generic/oberdiek\ifpdf.sty"
Package: ifpdf 2018/09/07 v3.3 Provides the ifpdf switch
)
("C:\Tool\MiKTeX 2.9\tex/generic/oberdiek\ifvtex.sty"
Package: ifvtex 2016/05/16 v1.6 Detect VTeX and its facilities (HO)
Package ifvtex Info: VTeX not detected.
)
("C:\Tool\MiKTeX 2.9\tex/generic/ifxetex\ifxetex.sty"
Package: ifxetex 2010/09/12 v0.6 Provides ifxetex conditional
)
\Gm@cnth=\count100
\Gm@cntv=\count101
\c@Gm@tempcnt=\count102
\Gm@bindingoffset=\dimen114
\Gm@wd@mp=\dimen115
\Gm@odd@mp=\dimen116
\Gm@even@mp=\dimen117
\Gm@layoutwidth=\dimen118
\Gm@layoutheight=\dimen119
\Gm@layouthoffset=\dimen120
\Gm@layoutvoffset=\dimen121
\Gm@dimlist=\toks15

("C:\Tool\MiKTeX 2.9\tex/latex/geometry\geometry.cfg"))
("C:\Tool\MiKTeX 2.9\tex/latex/hyperref\hyperref.sty"
Package: hyperref 2018/11/30 v6.88e Hypertext links for LaTeX

("C:\Tool\MiKTeX 2.9\tex/generic/oberdiek\hobsub-hyperref.sty"
Package: hobsub-hyperref 2016/05/16 v1.14 Bundle oberdiek, subset hyperref (HO)


("C:\Tool\MiKTeX 2.9\tex/generic/oberdiek\hobsub-generic.sty"
Package: hobsub-generic 2016/05/16 v1.14 Bundle oberdiek, subset generic (HO)
Package: hobsub 2016/05/16 v1.14 Construct package bundles (HO)
Package: infwarerr 2016/05/16 v1.4 Providing info/warning/error messages (HO)
Package: ltxcmds 2016/05/16 v1.23 LaTeX kernel commands for general use (HO)
Package: ifluatex 2016/05/16 v1.4 Provides the ifluatex switch (HO)
Package ifluatex Info: LuaTeX not detected.
Package hobsub Info: Skipping package `ifvtex' (already loaded).
Package: intcalc 2016/05/16 v1.2 Expandable calculations with integers (HO)
Package hobsub Info: Skipping package `ifpdf' (already loaded).
Package: etexcmds 2016/05/16 v1.6 Avoid name clashes with e-TeX commands (HO)
Package: kvsetkeys 2016/05/16 v1.17 Key value parser (HO)
Package: kvdefinekeys 2016/05/16 v1.4 Define keys (HO)
Package: pdftexcmds 2018/09/10 v0.29 Utility functions of pdfTeX for LuaTeX (HO
)
Package pdftexcmds Info: LuaTeX not detected.
Package pdftexcmds Info: \pdf@primitive is available.
Package pdftexcmds Info: \pdf@ifprimitive is available.
Package pdftexcmds Info: \pdfdraftmode found.
Package: pdfescape 2016/05/16 v1.14 Implements pdfTeX's escape features (HO)
Package: bigintcalc 2016/05/16 v1.4 Expandable calculations on big integers (HO
)
Package: bitset 2016/05/16 v1.2 Handle bit-vector datatype (HO)
Package: uniquecounter 2016/05/16 v1.3 Provide unlimited unique counter (HO)
)
Package hobsub Info: Skipping package `hobsub' (already loaded).
Package: letltxmacro 2016/05/16 v1.5 Let assignment for LaTeX macros (HO)
Package: hopatch 2016/05/16 v1.3 Wrapper for package hooks (HO)
Package: xcolor-patch 2016/05/16 xcolor patch
Package: atveryend 2016/05/16 v1.9 Hooks at the very end of document (HO)
Package atveryend Info: \enddocument detected (standard20110627).
Package: atbegshi 2016/06/09 v1.18 At begin shipout hook (HO)
Package: refcount 2016/05/16 v3.5 Data extraction from label references (HO)
Package: hycolor 2016/05/16 v1.8 Color options for hyperref/bookmark (HO)
)
("C:\Tool\MiKTeX 2.9\tex/latex/oberdiek\auxhook.sty"
Package: auxhook 2016/05/16 v1.4 Hooks for auxiliary files (HO)
)
("C:\Tool\MiKTeX 2.9\tex/latex/oberdiek\kvoptions.sty"
Package: kvoptions 2016/05/16 v3.12 Key value format for package options (HO)
)
\@linkdim=\dimen122
\Hy@linkcounter=\count103
\Hy@pagecounter=\count104

("C:\Tool\MiKTeX 2.9\tex/latex/hyperref\pd1enc.def"
File: pd1enc.def 2018/11/30 v6.88e Hyperref: PDFDocEncoding definition (HO)
Now handling font encoding PD1 ...
... no UTF-8 mapping file for font encoding PD1
)
\Hy@SavedSpaceFactor=\count105

("C:\Tool\MiKTeX 2.9\tex/latex/00miktex\hyperref.cfg"
File: hyperref.cfg 2002/06/06 v1.2 hyperref configuration of TeXLive
)
Package hyperref Info: Hyper figures OFF on input line 4519.
Package hyperref Info: Link nesting OFF on input line 4524.
Package hyperref Info: Hyper index ON on input line 4527.
Package hyperref Info: Plain pages OFF on input line 4534.
Package hyperref Info: Backreferencing OFF on input line 4539.
Package hyperref Info: Implicit mode ON; LaTeX internals redefined.
Package hyperref Info: Bookmarks ON on input line 4772.
\c@Hy@tempcnt=\count106

("C:\Tool\MiKTeX 2.9\tex/latex/url\url.sty"
\Urlmuskip=\muskip10
Package: url 2013/09/16  ver 3.4  Verb mode for urls, etc.
)
LaTeX Info: Redefining \url on input line 5125.
\XeTeXLinkMargin=\dimen123
\Fld@menulength=\count107
\Field@Width=\dimen124
\Fld@charsize=\dimen125
Package hyperref Info: Hyper figures OFF on input line 6380.
Package hyperref Info: Link nesting OFF on input line 6385.
Package hyperref Info: Hyper index ON on input line 6388.
Package hyperref Info: backreferencing OFF on input line 6395.
Package hyperref Info: Link coloring OFF on input line 6400.
Package hyperref Info: Link coloring with OCG OFF on input line 6405.
Package hyperref Info: PDF/A mode OFF on input line 6410.
LaTeX Info: Redefining \ref on input line 6450.
LaTeX Info: Redefining \pageref on input line 6454.
\Hy@abspage=\count108
\c@Item=\count109
\c@Hfootnote=\count110
)
Package hyperref Info: Driver (autodetected): hpdftex.

("C:\Tool\MiKTeX 2.9\tex/latex/hyperref\hpdftex.def"
File: hpdftex.def 2018/11/30 v6.88e Hyperref driver for pdfTeX
\Fld@listcount=\count111
\c@bookmark@seq@number=\count112

("C:\Tool\MiKTeX 2.9\tex/latex/oberdiek\rerunfilecheck.sty"
Package: rerunfilecheck 2016/05/16 v1.8 Rerun checks for auxiliary files (HO)
Package uniquecounter Info: New unique counter `rerunfilecheck' on input line 2
82.
)
\Hy@SectionHShift=\skip48
)
("C:\Tool\MiKTeX 2.9\tex/latex/minted\minted.sty"
Package: minted 2017/07/19 v2.5 Yet another Pygments shim for LaTeX

("C:\Tool\MiKTeX 2.9\tex/latex/fvextra\fvextra.sty"
Package: fvextra 2019/02/04 v1.4 fvextra - extensions and patches for fancyvrb

("C:\Tool\MiKTeX 2.9\tex/latex/etoolbox\etoolbox.sty"
Package: etoolbox 2019/09/21 v2.5h e-TeX tools for LaTeX (JAW)
\etb@tempcnta=\count113
)
("C:\Tool\MiKTeX 2.9\tex/latex/fancyvrb\fancyvrb.sty"
Package: fancyvrb 2019/01/15

Style option: `fancyvrb' v3.2a <2019/01/15> (tvz)
\FV@CodeLineNo=\count114
\FV@InFile=\read1
\FV@TabBox=\box53
\c@FancyVerbLine=\count115
\FV@StepNumber=\count116
\FV@OutFile=\write3
)
("C:\Tool\MiKTeX 2.9\tex/latex/upquote\upquote.sty"
Package: upquote 2012/04/19 v1.3 upright-quote and grave-accent glyphs in verba
tim
)
("C:\Tool\MiKTeX 2.9\tex/latex/lineno\lineno.sty"
Package: lineno 2005/11/02 line numbers on paragraphs v4.41
\linenopenalty=\count117
\output=\toks16
\linenoprevgraf=\count118
\linenumbersep=\dimen126
\linenumberwidth=\dimen127
\c@linenumber=\count119
\c@pagewiselinenumber=\count120
\c@LN@truepage=\count121
\c@internallinenumber=\count122
\c@internallinenumbers=\count123
\quotelinenumbersep=\dimen128
\bframerule=\dimen129
\bframesep=\dimen130
\bframebox=\box54
LaTeX Info: Redefining \\ on input line 3056.
)
\c@FV@TrueTabGroupLevel=\count124
\c@FV@TrueTabCounter=\count125
\FV@TabBox@Group=\box55
\FV@TmpLength=\skip49
\c@FV@HighlightLinesStart=\count126
\c@FV@HighlightLinesStop=\count127
\FV@LoopCount=\count128
\FV@NCharsBox=\box56
\FV@BreakIndent=\dimen131
\FV@BreakIndentNChars=\count129
\FV@BreakSymbolSepLeft=\dimen132
\FV@BreakSymbolSepLeftNChars=\count130
\FV@BreakSymbolSepRight=\dimen133
\FV@BreakSymbolSepRightNChars=\count131
\FV@BreakSymbolIndentLeft=\dimen134
\FV@BreakSymbolIndentLeftNChars=\count132
\FV@BreakSymbolIndentRight=\dimen135
\FV@BreakSymbolIndentRightNChars=\count133
\c@FancyVerbLineBreakLast=\count134
\FV@LineBox=\box57
\FV@LineIndentBox=\box58
\FV@LineWidth=\dimen136
)
("C:\Tool\MiKTeX 2.9\tex/latex/tools\shellesc.sty"
Package: shellesc 2016/06/07 v0.02a unified shell escape interface for LaTeX
Package shellesc Info: Unrestricted shell escape enabled on input line 67.
)
("C:\Tool\MiKTeX 2.9\tex/latex/ifplatform\ifplatform.sty"
Package: ifplatform 2017/10/13 v0.4a Testing for the operating system

("C:\Tool\MiKTeX 2.9\tex/generic/oberdiek\catchfile.sty"
Package: catchfile 2016/05/16 v1.7 Catch the contents of a file (HO)
))
("C:\Tool\MiKTeX 2.9\tex/latex/xstring\xstring.sty"
("C:\Tool\MiKTeX 2.9\tex/generic/xstring\xstring.tex"
\integerpart=\count135
\decimalpart=\count136
)
Package: xstring 2019/02/06 v1.83 String manipulations (CT)
)
("C:\Tool\MiKTeX 2.9\tex/latex/framed\framed.sty"
Package: framed 2011/10/22 v 0.96: framed or shaded text with page breaks
\OuterFrameSep=\skip50
\fb@frw=\dimen137
\fb@frh=\dimen138
\FrameRule=\dimen139
\FrameSep=\dimen140
)
("C:\Tool\MiKTeX 2.9\tex/latex/float\float.sty"
Package: float 2001/11/08 v1.3d Float enhancements (AL)
\c@float@type=\count137
\float@exts=\toks17
\float@box=\box59
\@float@everytoks=\toks18
\@floatcapt=\box60
)
\minted@appexistsfile=\read2
\minted@bgbox=\box61
\minted@code=\write4
\c@minted@FancyVerbLineTemp=\count138
\c@minted@pygmentizecounter=\count139
\@float@every@listing=\toks19
\c@listing=\count140
)
runsystem(if not exist _minted-cv2cheatsheet mkdir _minted-cv2cheatsheet)...exe
cuted.


("C:\Tool\MiKTeX 2.9\tex/latex/amsmath\amsmath.sty"
Package: amsmath 2018/12/01 v2.17b AMS math features
\@mathmargin=\skip51

For additional information on amsmath, use the `?' option.
("C:\Tool\MiKTeX 2.9\tex/latex/amsmath\amstext.sty"
Package: amstext 2000/06/29 v2.01 AMS text

("C:\Tool\MiKTeX 2.9\tex/latex/amsmath\amsgen.sty"
File: amsgen.sty 1999/11/30 v2.0 generic functions
\@emptytoks=\toks20
\ex@=\dimen141
))
("C:\Tool\MiKTeX 2.9\tex/latex/amsmath\amsbsy.sty"
Package: amsbsy 1999/11/29 v1.2d Bold Symbols
\pmbraise@=\dimen142
)
("C:\Tool\MiKTeX 2.9\tex/latex/amsmath\amsopn.sty"
Package: amsopn 2016/03/08 v2.02 operator names
)
\inf@bad=\count141
LaTeX Info: Redefining \frac on input line 223.
\uproot@=\count142
\leftroot@=\count143
LaTeX Info: Redefining \overline on input line 385.
\classnum@=\count144
\DOTSCASE@=\count145
LaTeX Info: Redefining \ldots on input line 482.
LaTeX Info: Redefining \dots on input line 485.
LaTeX Info: Redefining \cdots on input line 606.
\Mathstrutbox@=\box62
\strutbox@=\box63
\big@size=\dimen143
LaTeX Font Info:    Redeclaring font encoding OML on input line 729.
LaTeX Font Info:    Redeclaring font encoding OMS on input line 730.
\macc@depth=\count146
\c@MaxMatrixCols=\count147
\dotsspace@=\muskip11
\c@parentequation=\count148
\dspbrk@lvl=\count149
\tag@help=\toks21
\row@=\count150
\column@=\count151
\maxfields@=\count152
\andhelp@=\toks22
\eqnshift@=\dimen144
\alignsep@=\dimen145
\tagshift@=\dimen146
\tagwidth@=\dimen147
\totwidth@=\dimen148
\lineht@=\dimen149
\@envbody=\toks23
\multlinegap=\skip52
\multlinetaggap=\skip53
\mathdisplay@stack=\toks24
LaTeX Info: Redefining \[ on input line 2844.
LaTeX Info: Redefining \] on input line 2845.
)
("C:\Tool\MiKTeX 2.9\tex/latex/datetime2\datetime2.sty"
Package: datetime2 2020/03/02 v1.5.6 (NLCT) date and time formats

("C:\Tool\MiKTeX 2.9\tex/latex/tracklang\tracklang.sty"
Package: tracklang 2020/06/30 v1.5 (NLCT) Track Languages

("C:\Tool\MiKTeX 2.9\tex/generic/tracklang\tracklang.tex"))
("C:\Tool\MiKTeX 2.9\tex/latex/xkeyval\xkeyval.sty"
Package: xkeyval 2014/12/03 v2.7a package option processing (HA)

("C:\Tool\MiKTeX 2.9\tex/generic/xkeyval\xkeyval.tex"
("C:\Tool\MiKTeX 2.9\tex/generic/xkeyval\xkvutils.tex"
\XKV@toks=\toks25
\XKV@tempa@toks=\toks26
)
\XKV@depth=\count153
File: xkeyval.tex 2014/12/03 v2.7a key=value parser (HA)
)))
("C:\Tool\MiKTeX 2.9\tex/latex/xcolor\xcolor.sty"
Package: xcolor 2016/05/11 v2.12 LaTeX color extensions (UK)

("C:\Tool\MiKTeX 2.9\tex/latex/graphics-cfg\color.cfg"
File: color.cfg 2016/01/02 v1.6 sample color configuration
)
Package xcolor Info: Driver file: pdftex.def on input line 225.

("C:\Tool\MiKTeX 2.9\tex/latex/graphics-def\pdftex.def"
File: pdftex.def 2018/01/08 v1.0l Graphics/color driver for pdftex
)
Package xcolor Info: Model `cmy' substituted by `cmy0' on input line 1348.
Package xcolor Info: Model `hsb' substituted by `rgb' on input line 1352.
Package xcolor Info: Model `RGB' extended on input line 1364.
Package xcolor Info: Model `HTML' substituted by `rgb' on input line 1366.
Package xcolor Info: Model `Hsb' substituted by `hsb' on input line 1367.
Package xcolor Info: Model `tHsb' substituted by `hsb' on input line 1368.
Package xcolor Info: Model `HSB' substituted by `hsb' on input line 1369.
Package xcolor Info: Model `Gray' substituted by `gray' on input line 1370.
Package xcolor Info: Model `wave' substituted by `hsb' on input line 1371.
)
runsystem(for ^%i in (pygmentize.exe pygmentize.bat pygmentize.cmd) do set > cv
2cheatsheet.aex <nul: /p x=^%~$PATH:i>> cv2cheatsheet.aex)...executed.

runsystem(del cv2cheatsheet.aex)...executed.


No file cv2cheatsheet.aux.
\openout1 = `cv2cheatsheet.aux'.

LaTeX Font Info:    Checking defaults for OML/cmm/m/it on input line 59.
LaTeX Font Info:    ... okay on input line 59.
LaTeX Font Info:    Checking defaults for T1/cmr/m/n on input line 59.
LaTeX Font Info:    ... okay on input line 59.
LaTeX Font Info:    Checking defaults for OT1/cmr/m/n on input line 59.
LaTeX Font Info:    ... okay on input line 59.
LaTeX Font Info:    Checking defaults for OMS/cmsy/m/n on input line 59.
LaTeX Font Info:    ... okay on input line 59.
LaTeX Font Info:    Checking defaults for OMX/cmex/m/n on input line 59.
LaTeX Font Info:    ... okay on input line 59.
LaTeX Font Info:    Checking defaults for U/cmr/m/n on input line 59.
LaTeX Font Info:    ... okay on input line 59.
LaTeX Font Info:    Checking defaults for PD1/pdf/m/n on input line 59.
LaTeX Font Info:    ... okay on input line 59.
*geometry* driver: auto-detecting
*geometry* detected driver: pdftex
*geometry* verbose mode - [ preamble ] result:
* driver: pdftex
* paper: a4paper
* layout: <same size as paper>
* layoutoffset:(h,v)=(0.0pt,0.0pt)
* modes: landscape 
* h-part:(L,W,R)=(28.45274pt, 788.14136pt, 28.45274pt)
* v-part:(T,H,B)=(28.45274pt, 540.60239pt, 28.45274pt)
* \paperwidth=845.04684pt
* \paperheight=597.50787pt
* \textwidth=788.14136pt
* \textheight=540.60239pt
* \oddsidemargin=-43.81725pt
* \evensidemargin=-43.81725pt
* \topmargin=-80.81725pt
* \headheight=12.0pt
* \headsep=25.0pt
* \topskip=10.0pt
* \footskip=30.0pt
* \marginparwidth=144.0pt
* \marginparsep=11.0pt
* \columnsep=10.0pt
* \skip\footins=9.0pt plus 4.0pt minus 2.0pt
* \hoffset=0.0pt
* \voffset=0.0pt
* \mag=1000
* \@twocolumnfalse
* \@twosidefalse
* \@mparswitchfalse
* \@reversemarginfalse
* (1in=72.27pt=25.4mm, 1cm=28.453pt)

\AtBeginShipoutBox=\box64
Package hyperref Info: Link coloring OFF on input line 59.
("C:\Tool\MiKTeX 2.9\tex/latex/hyperref\nameref.sty"
Package: nameref 2016/05/21 v2.44 Cross-referencing by name of section

("C:\Tool\MiKTeX 2.9\tex/generic/oberdiek\gettitlestring.sty"
Package: gettitlestring 2016/05/16 v1.5 Cleanup title references (HO)
)
\c@section@level=\count154
)
LaTeX Info: Redefining \ref on input line 59.
LaTeX Info: Redefining \pageref on input line 59.
LaTeX Info: Redefining \nameref on input line 59.
\@outlinefile=\write5
\openout5 = `cv2cheatsheet.out'.


("C:\Tool\MiKTeX 2.9\tex/context/base/mkii\supp-pdf.mkii"
[Loading MPS to PDF converter (version 2006.09.02).]
\scratchcounter=\count155
\scratchdimen=\dimen150
\scratchbox=\box65
\nofMPsegments=\count156
\nofMParguments=\count157
\everyMPshowfont=\toks27
\MPscratchCnt=\count158
\MPscratchDim=\dimen151
\MPnumerator=\count159
\makeMPintoPDFobject=\count160
\everyMPtoPDFconversion=\toks28
)
\openout4 = `cv2cheatsheet.pyg'.

runsystem(pygmentize -S default -f latex -P commandprefix=PYG > _minted-cv2chea
tsheet\default-pyg-prefix.pygstyle)...executed.

 (_minted-cv2cheatsheet/default-pyg-prefix.pygstyle)
runsystem(pygmentize -S default -f latex -P commandprefix=PYGdefault > _minted-
cv2cheatsheet\default.pygstyle)...executed.


(_minted-cv2cheatsheet/default.pygstyle)
runsystem(pygmentize -l python -f latex -P commandprefix=PYG -F tokenmerge -o _
minted-cv2cheatsheet/D6877ACC4E2B381FCE9A4CA5874008B21602BC2CCF221DEFE54CE221F8
48253F.pygtex cv2cheatsheet.pyg)...executed.


(_minted-cv2cheatsheet/D6877ACC4E2B381FCE9A4CA5874008B21602BC2CCF221DEFE54CE221
F848253F.pygtex)
\openout4 = `cv2cheatsheet.pyg'.

runsystem(pygmentize -l python -f latex -P commandprefix=PYG -F tokenmerge -o _
minted-cv2cheatsheet/A2513E9BF09420F8845C8BBE646420C21602BC2CCF221DEFE54CE221F8
48253F.pygtex cv2cheatsheet.pyg)...executed.


(_minted-cv2cheatsheet/A2513E9BF09420F8845C8BBE646420C21602BC2CCF221DEFE54CE221
F848253F.pygtex)
\openout4 = `cv2cheatsheet.pyg'.

runsystem(pygmentize -l python -f latex -P commandprefix=PYG -F tokenmerge -o _
minted-cv2cheatsheet/AA63BAF9D49B5454DA1CCB4DCC1D841F1602BC2CCF221DEFE54CE221F8
48253F.pygtex cv2cheatsheet.pyg)...executed.


(_minted-cv2cheatsheet/AA63BAF9D49B5454DA1CCB4DCC1D841F1602BC2CCF221DEFE54CE221
F848253F.pygtex)
\openout4 = `cv2cheatsheet.pyg'.

runsystem(pygmentize -l python -f latex -P commandprefix=PYG -F tokenmerge -o _
minted-cv2cheatsheet/A347AF052BC934555740FF2BE557F85F1602BC2CCF221DEFE54CE221F8
48253F.pygtex cv2cheatsheet.pyg)...executed.


(_minted-cv2cheatsheet/A347AF052BC934555740FF2BE557F85F1602BC2CCF221DEFE54CE221
F848253F.pygtex)
\openout4 = `cv2cheatsheet.pyg'.

runsystem(pygmentize -l python -f latex -P commandprefix=PYG -F tokenmerge -o _
minted-cv2cheatsheet/9FF80FE6E31F19EECE615B0C55B3AA031602BC2CCF221DEFE54CE221F8
48253F.pygtex cv2cheatsheet.pyg)...executed.


(_minted-cv2cheatsheet/9FF80FE6E31F19EECE615B0C55B3AA031602BC2CCF221DEFE54CE221
F848253F.pygtex)
\openout4 = `cv2cheatsheet.pyg'.

runsystem(pygmentize -l python -f latex -P commandprefix=PYG -F tokenmerge -o _
minted-cv2cheatsheet/3387080D7C8680F35816CBBF5D1DFE191602BC2CCF221DEFE54CE221F8
48253F.pygtex cv2cheatsheet.pyg)...executed.


(_minted-cv2cheatsheet/3387080D7C8680F35816CBBF5D1DFE191602BC2CCF221DEFE54CE221
F848253F.pygtex)
\openout4 = `cv2cheatsheet.pyg'.

runsystem(pygmentize -l python -f latex -P commandprefix=PYG -F tokenmerge -o _
minted-cv2cheatsheet/61CE1C195912BF0B575A2972C5EE13A21602BC2CCF221DEFE54CE221F8
48253F.pygtex cv2cheatsheet.pyg)...executed.


(_minted-cv2cheatsheet/61CE1C195912BF0B575A2972C5EE13A21602BC2CCF221DEFE54CE221
F848253F.pygtex)
\MyLen=\skip54
\openout4 = `cv2cheatsheet.pyg'.

runsystem(pygmentize -l python -f latex -P commandprefix=PYG -F tokenmerge -o _
minted-cv2cheatsheet/EB19EB74F4DAFBAD47892B5C39C7BD421602BC2CCF221DEFE54CE221F8
48253F.pygtex cv2cheatsheet.pyg)...executed.


(_minted-cv2cheatsheet/EB19EB74F4DAFBAD47892B5C39C7BD421602BC2CCF221DEFE54CE221
F848253F.pygtex)
\openout4 = `cv2cheatsheet.pyg'.

runsystem(pygmentize -l python -f latex -P commandprefix=PYG -F tokenmerge -o _
minted-cv2cheatsheet/002FF8DD4C586D7DC4CCD702B93749741602BC2CCF221DEFE54CE221F8
48253F.pygtex cv2cheatsheet.pyg)...executed.


(_minted-cv2cheatsheet/002FF8DD4C586D7DC4CCD702B93749741602BC2CCF221DEFE54CE221
F848253F.pygtex)
\openout4 = `cv2cheatsheet.pyg'.

runsystem(pygmentize -l python -f latex -P commandprefix=PYG -F tokenmerge -o _
minted-cv2cheatsheet/1431F895F69779A9E44E211D65D8B5951602BC2CCF221DEFE54CE221F8
48253F.pygtex cv2cheatsheet.pyg)...executed.


(_minted-cv2cheatsheet/1431F895F69779A9E44E211D65D8B5951602BC2CCF221DEFE54CE221
F848253F.pygtex)
\openout4 = `cv2cheatsheet.pyg'.

runsystem(pygmentize -l python -f latex -P commandprefix=PYG -F tokenmerge -o _
minted-cv2cheatsheet/4D3ED04934DF92BCB6B8E323FFE42DBA1602BC2CCF221DEFE54CE221F8
48253F.pygtex cv2cheatsheet.pyg)...executed.


(_minted-cv2cheatsheet/4D3ED04934DF92BCB6B8E323FFE42DBA1602BC2CCF221DEFE54CE221
F848253F.pygtex)
\openout4 = `cv2cheatsheet.pyg'.

runsystem(pygmentize -l python -f latex -P commandprefix=PYG -F tokenmerge -o _
minted-cv2cheatsheet/8499DA007D3772FCBBE4A391FD700F311602BC2CCF221DEFE54CE221F8
48253F.pygtex cv2cheatsheet.pyg)...executed.


(_minted-cv2cheatsheet/8499DA007D3772FCBBE4A391FD700F311602BC2CCF221DEFE54CE221
F848253F.pygtex)
\openout4 = `cv2cheatsheet.pyg'.

runsystem(pygmentize -l python -f latex -P commandprefix=PYG -F tokenmerge -o _
minted-cv2cheatsheet/6DEAA050AA9875734B6ACB7B5FC340521602BC2CCF221DEFE54CE221F8
48253F.pygtex cv2cheatsheet.pyg)...executed.


(_minted-cv2cheatsheet/6DEAA050AA9875734B6ACB7B5FC340521602BC2CCF221DEFE54CE221
F848253F.pygtex
LaTeX Font Info:    Font shape `OT1/cmtt/bx/n' in size <8> not available
(Font)              Font shape `OT1/cmtt/m/n' tried instead on input line 2.
)
\openout4 = `cv2cheatsheet.pyg'.

runsystem(pygmentize -l python -f latex -P commandprefix=PYG -F tokenmerge -o _
minted-cv2cheatsheet/65B41A106175E713BB8191A1FD05DDE01602BC2CCF221DEFE54CE221F8
48253F.pygtex cv2cheatsheet.pyg)...executed.


(_minted-cv2cheatsheet/65B41A106175E713BB8191A1FD05DDE01602BC2CCF221DEFE54CE221
F848253F.pygtex)
\openout4 = `cv2cheatsheet.pyg'.

runsystem(pygmentize -l python -f latex -P commandprefix=PYG -F tokenmerge -o _
minted-cv2cheatsheet/632A325148C0B00699804A751C9487221602BC2CCF221DEFE54CE221F8
48253F.pygtex cv2cheatsheet.pyg)...executed.


(_minted-cv2cheatsheet/632A325148C0B00699804A751C9487221602BC2CCF221DEFE54CE221
F848253F.pygtex)
\openout4 = `cv2cheatsheet.pyg'.

runsystem(pygmentize -l python -f latex -P commandprefix=PYG -F tokenmerge -o _
minted-cv2cheatsheet/C2CE5F9CA9C3D1505B1A27AFF5ED55F31602BC2CCF221DEFE54CE221F8
48253F.pygtex cv2cheatsheet.pyg)...executed.


(_minted-cv2cheatsheet/C2CE5F9CA9C3D1505B1A27AFF5ED55F31602BC2CCF221DEFE54CE221
F848253F.pygtex)
\openout4 = `cv2cheatsheet.pyg'.

runsystem(pygmentize -l python -f latex -P commandprefix=PYG -F tokenmerge -o _
minted-cv2cheatsheet/E6E1B036108C5B5BA79AB82952296BD51602BC2CCF221DEFE54CE221F8
48253F.pygtex cv2cheatsheet.pyg)...executed.


(_minted-cv2cheatsheet/E6E1B036108C5B5BA79AB82952296BD51602BC2CCF221DEFE54CE221
F848253F.pygtex)
\openout4 = `cv2cheatsheet.pyg'.

runsystem(pygmentize -l python -f latex -P commandprefix=PYG -F tokenmerge -o _
minted-cv2cheatsheet/268B1B2816984DCB620EB2DA0FFF73441602BC2CCF221DEFE54CE221F8
48253F.pygtex cv2cheatsheet.pyg)...executed.


(_minted-cv2cheatsheet/268B1B2816984DCB620EB2DA0FFF73441602BC2CCF221DEFE54CE221
F848253F.pygtex)
\openout4 = `cv2cheatsheet.pyg'.

runsystem(pygmentize -l python -f latex -P commandprefix=PYG -F tokenmerge -o _
minted-cv2cheatsheet/7A032618C1D01B90E6D0896A7E4122471602BC2CCF221DEFE54CE221F8
48253F.pygtex cv2cheatsheet.pyg)...executed.


(_minted-cv2cheatsheet/7A032618C1D01B90E6D0896A7E4122471602BC2CCF221DEFE54CE221
F848253F.pygtex)
\openout4 = `cv2cheatsheet.pyg'.

runsystem(pygmentize -l python -f latex -P commandprefix=PYG -F tokenmerge -o _
minted-cv2cheatsheet/8C837CF9BBB7EFF6A0E73CB68A4AA31B1602BC2CCF221DEFE54CE221F8
48253F.pygtex cv2cheatsheet.pyg)...executed.


(_minted-cv2cheatsheet/8C837CF9BBB7EFF6A0E73CB68A4AA31B1602BC2CCF221DEFE54CE221
F848253F.pygtex)
\openout4 = `cv2cheatsheet.pyg'.

runsystem(pygmentize -l python -f latex -P commandprefix=PYG -F tokenmerge -o _
minted-cv2cheatsheet/8F6226DE98CD3210C4C5D622273CE0A01602BC2CCF221DEFE54CE221F8
48253F.pygtex cv2cheatsheet.pyg)...executed.


(_minted-cv2cheatsheet/8F6226DE98CD3210C4C5D622273CE0A01602BC2CCF221DEFE54CE221
F848253F.pygtex)
\openout4 = `cv2cheatsheet.pyg'.

runsystem(pygmentize -l python -f latex -P commandprefix=PYG -F tokenmerge -o _
minted-cv2cheatsheet/3A7E4F8942B43A451F17906B86E05C1C1602BC2CCF221DEFE54CE221F8
48253F.pygtex cv2cheatsheet.pyg)...executed.


(_minted-cv2cheatsheet/3A7E4F8942B43A451F17906B86E05C1C1602BC2CCF221DEFE54CE221
F848253F.pygtex)
\openout4 = `cv2cheatsheet.pyg'.

runsystem(pygmentize -l python -f latex -P commandprefix=PYG -F tokenmerge -o _
minted-cv2cheatsheet/581F51F73377BD7F1E22B3D9F12829F61602BC2CCF221DEFE54CE221F8
48253F.pygtex cv2cheatsheet.pyg)...executed.


(_minted-cv2cheatsheet/581F51F73377BD7F1E22B3D9F12829F61602BC2CCF221DEFE54CE221
F848253F.pygtex)
\openout4 = `cv2cheatsheet.pyg'.

runsystem(pygmentize -l python -f latex -P commandprefix=PYG -F tokenmerge -o _
minted-cv2cheatsheet/60316FE7687E023A25942054DADCB9001602BC2CCF221DEFE54CE221F8
48253F.pygtex cv2cheatsheet.pyg)...executed.


(_minted-cv2cheatsheet/60316FE7687E023A25942054DADCB9001602BC2CCF221DEFE54CE221
F848253F.pygtex)
\openout4 = `cv2cheatsheet.pyg'.

runsystem(pygmentize -l python -f latex -P commandprefix=PYG -F tokenmerge -o _
minted-cv2cheatsheet/D28461D534A9299119227CAA38B780B31602BC2CCF221DEFE54CE221F8
48253F.pygtex cv2cheatsheet.pyg)...executed.


(_minted-cv2cheatsheet/D28461D534A9299119227CAA38B780B31602BC2CCF221DEFE54CE221
F848253F.pygtex)
\openout4 = `cv2cheatsheet.pyg'.

runsystem(pygmentize -l python -f latex -P commandprefix=PYG -F tokenmerge -o _
minted-cv2cheatsheet/24A66B2C8376BE8C026F55E5FD6CC48A1602BC2CCF221DEFE54CE221F8
48253F.pygtex cv2cheatsheet.pyg)...executed.


(_minted-cv2cheatsheet/24A66B2C8376BE8C026F55E5FD6CC48A1602BC2CCF221DEFE54CE221
F848253F.pygtex)
\openout4 = `cv2cheatsheet.pyg'.

runsystem(pygmentize -l python -f latex -P commandprefix=PYG -F tokenmerge -o _
minted-cv2cheatsheet/1F6E7C450302B877F593F80DC8A1559B1602BC2CCF221DEFE54CE221F8
48253F.pygtex cv2cheatsheet.pyg)...executed.


(_minted-cv2cheatsheet/1F6E7C450302B877F593F80DC8A1559B1602BC2CCF221DEFE54CE221
F848253F.pygtex)
\openout4 = `cv2cheatsheet.pyg'.

runsystem(pygmentize -l python -f latex -P commandprefix=PYG -F tokenmerge -o _
minted-cv2cheatsheet/EF4F2C024931ECC1B99E75B0E78F913C1602BC2CCF221DEFE54CE221F8
48253F.pygtex cv2cheatsheet.pyg)...executed.


(_minted-cv2cheatsheet/EF4F2C024931ECC1B99E75B0E78F913C1602BC2CCF221DEFE54CE221
F848253F.pygtex)
\openout4 = `cv2cheatsheet.pyg'.

runsystem(pygmentize -l python -f latex -P commandprefix=PYG -F tokenmerge -o _
minted-cv2cheatsheet/6D70913B751BE8097FD8A6C19A5C0FD71602BC2CCF221DEFE54CE221F8
48253F.pygtex cv2cheatsheet.pyg)...executed.


(_minted-cv2cheatsheet/6D70913B751BE8097FD8A6C19A5C0FD71602BC2CCF221DEFE54CE221
F848253F.pygtex)
\openout4 = `cv2cheatsheet.pyg'.

runsystem(pygmentize -l python -f latex -P commandprefix=PYG -F tokenmerge -o _
minted-cv2cheatsheet/C97468166D6C0F4E276CDECED82A8A6E1602BC2CCF221DEFE54CE221F8
48253F.pygtex cv2cheatsheet.pyg)...executed.


(_minted-cv2cheatsheet/C97468166D6C0F4E276CDECED82A8A6E1602BC2CCF221DEFE54CE221
F848253F.pygtex)
\openout4 = `cv2cheatsheet.pyg'.

runsystem(pygmentize -l python -f latex -P commandprefix=PYG -F tokenmerge -o _
minted-cv2cheatsheet/06A6CAF316D198AFC03CD82D5555958E1602BC2CCF221DEFE54CE221F8
48253F.pygtex cv2cheatsheet.pyg)...executed.


(_minted-cv2cheatsheet/06A6CAF316D198AFC03CD82D5555958E1602BC2CCF221DEFE54CE221
F848253F.pygtex)
\openout4 = `cv2cheatsheet.pyg'.

runsystem(pygmentize -l python -f latex -P commandprefix=PYG -F tokenmerge -o _
minted-cv2cheatsheet/ED1712B2ABE565EEAF4FE4133B7A3C191602BC2CCF221DEFE54CE221F8
48253F.pygtex cv2cheatsheet.pyg)...executed.


(_minted-cv2cheatsheet/ED1712B2ABE565EEAF4FE4133B7A3C191602BC2CCF221DEFE54CE221
F848253F.pygtex)
\openout4 = `cv2cheatsheet.pyg'.

runsystem(pygmentize -l python -f latex -P commandprefix=PYG -F tokenmerge -o _
minted-cv2cheatsheet/1EE4BB9C8003A4A36A347B56EC0AE7D91602BC2CCF221DEFE54CE221F8
48253F.pygtex cv2cheatsheet.pyg)...executed.


(_minted-cv2cheatsheet/1EE4BB9C8003A4A36A347B56EC0AE7D91602BC2CCF221DEFE54CE221
F848253F.pygtex)
\openout4 = `cv2cheatsheet.pyg'.

runsystem(pygmentize -l python -f latex -P commandprefix=PYG -F tokenmerge -o _
minted-cv2cheatsheet/4DA6D5E2695A9673FAF0CAD14FEE275E1602BC2CCF221DEFE54CE221F8
48253F.pygtex cv2cheatsheet.pyg)...executed.


(_minted-cv2cheatsheet/4DA6D5E2695A9673FAF0CAD14FEE275E1602BC2CCF221DEFE54CE221
F848253F.pygtex)
\openout4 = `cv2cheatsheet.pyg'.

runsystem(pygmentize -l python -f latex -P commandprefix=PYG -F tokenmerge -o _
minted-cv2cheatsheet/482E3DE10FA72ED3ABB677726198DAA91602BC2CCF221DEFE54CE221F8
48253F.pygtex cv2cheatsheet.pyg)...executed.


(_minted-cv2cheatsheet/482E3DE10FA72ED3ABB677726198DAA91602BC2CCF221DEFE54CE221
F848253F.pygtex)
\openout4 = `cv2cheatsheet.pyg'.

runsystem(pygmentize -l python -f latex -P commandprefix=PYG -F tokenmerge -o _
minted-cv2cheatsheet/587FDFAAB58ED4F6D1B613193F90F26A1602BC2CCF221DEFE54CE221F8
48253F.pygtex cv2cheatsheet.pyg)...executed.


(_minted-cv2cheatsheet/587FDFAAB58ED4F6D1B613193F90F26A1602BC2CCF221DEFE54CE221
F848253F.pygtex)
\openout4 = `cv2cheatsheet.pyg'.

runsystem(pygmentize -l python -f latex -P commandprefix=PYG -F tokenmerge -o _
minted-cv2cheatsheet/2CA17D44690A4A8B26938513189A3EC11602BC2CCF221DEFE54CE221F8
48253F.pygtex cv2cheatsheet.pyg)...executed.


(_minted-cv2cheatsheet/2CA17D44690A4A8B26938513189A3EC11602BC2CCF221DEFE54CE221
F848253F.pygtex)
\openout4 = `cv2cheatsheet.pyg'.

runsystem(pygmentize -l python -f latex -P commandprefix=PYG -F tokenmerge -o _
minted-cv2cheatsheet/B59FD276A4962EE97FFC28228DE374A41602BC2CCF221DEFE54CE221F8
48253F.pygtex cv2cheatsheet.pyg)...executed.


(_minted-cv2cheatsheet/B59FD276A4962EE97FFC28228DE374A41602BC2CCF221DEFE54CE221
F848253F.pygtex)
\openout4 = `cv2cheatsheet.pyg'.

runsystem(pygmentize -l python -f latex -P commandprefix=PYG -F tokenmerge -o _
minted-cv2cheatsheet/519D033A260B7D211AF17D91605DBC171602BC2CCF221DEFE54CE221F8
48253F.pygtex cv2cheatsheet.pyg)...executed.


(_minted-cv2cheatsheet/519D033A260B7D211AF17D91605DBC171602BC2CCF221DEFE54CE221
F848253F.pygtex)
\openout4 = `cv2cheatsheet.pyg'.

runsystem(pygmentize -l python -f latex -P commandprefix=PYG -F tokenmerge -o _
minted-cv2cheatsheet/591EB7A1517BFF487BE0CE498144E10E1602BC2CCF221DEFE54CE221F8
48253F.pygtex cv2cheatsheet.pyg)...executed.


(_minted-cv2cheatsheet/591EB7A1517BFF487BE0CE498144E10E1602BC2CCF221DEFE54CE221
F848253F.pygtex)
\openout4 = `cv2cheatsheet.pyg'.

runsystem(pygmentize -l python -f latex -P commandprefix=PYG -F tokenmerge -o _
minted-cv2cheatsheet/8EA02D9CE830EBCC466904D9F1FB478F1602BC2CCF221DEFE54CE221F8
48253F.pygtex cv2cheatsheet.pyg)...executed.


(_minted-cv2cheatsheet/8EA02D9CE830EBCC466904D9F1FB478F1602BC2CCF221DEFE54CE221
F848253F.pygtex)
\openout4 = `cv2cheatsheet.pyg'.

runsystem(pygmentize -l python -f latex -P commandprefix=PYG -F tokenmerge -o _
minted-cv2cheatsheet/B9C4088322EFD5D28A1A9A0388D134FF1602BC2CCF221DEFE54CE221F8
48253F.pygtex cv2cheatsheet.pyg)...executed.


(_minted-cv2cheatsheet/B9C4088322EFD5D28A1A9A0388D134FF1602BC2CCF221DEFE54CE221
F848253F.pygtex)
\openout4 = `cv2cheatsheet.pyg'.

runsystem(pygmentize -l python -f latex -P commandprefix=PYG -F tokenmerge -o _
minted-cv2cheatsheet/EBF4E4443681E6671D9F94AC8C11FEF01602BC2CCF221DEFE54CE221F8
48253F.pygtex cv2cheatsheet.pyg)...executed.


(_minted-cv2cheatsheet/EBF4E4443681E6671D9F94AC8C11FEF01602BC2CCF221DEFE54CE221
F848253F.pygtex)
Overfull \hbox (8.98766pt too wide) in paragraph at lines 151--161
[]  
 []

\openout4 = `cv2cheatsheet.pyg'.

runsystem(pygmentize -l python -f latex -P commandprefix=PYG -F tokenmerge -o _
minted-cv2cheatsheet/6761331399A35A5C7BDAB41AF67A8AD91602BC2CCF221DEFE54CE221F8
48253F.pygtex cv2cheatsheet.pyg)...executed.


(_minted-cv2cheatsheet/6761331399A35A5C7BDAB41AF67A8AD91602BC2CCF221DEFE54CE221
F848253F.pygtex)
\openout4 = `cv2cheatsheet.pyg'.

runsystem(pygmentize -l python -f latex -P commandprefix=PYG -F tokenmerge -o _
minted-cv2cheatsheet/92A69B3DC30CDE10E404A94DD7B3D18D1602BC2CCF221DEFE54CE221F8
48253F.pygtex cv2cheatsheet.pyg)...executed.


(_minted-cv2cheatsheet/92A69B3DC30CDE10E404A94DD7B3D18D1602BC2CCF221DEFE54CE221
F848253F.pygtex)
\openout4 = `cv2cheatsheet.pyg'.

runsystem(pygmentize -l python -f latex -P commandprefix=PYG -F tokenmerge -o _
minted-cv2cheatsheet/97D39D6EC7CB00F629574EAF823A9F1C1602BC2CCF221DEFE54CE221F8
48253F.pygtex cv2cheatsheet.pyg)...executed.


(_minted-cv2cheatsheet/97D39D6EC7CB00F629574EAF823A9F1C1602BC2CCF221DEFE54CE221
F848253F.pygtex)
\openout4 = `cv2cheatsheet.pyg'.

runsystem(pygmentize -l python -f latex -P commandprefix=PYG -F tokenmerge -o _
minted-cv2cheatsheet/C6D564FF3DCA8C3A5040F5D7DB94D4301602BC2CCF221DEFE54CE221F8
48253F.pygtex cv2cheatsheet.pyg)...executed.


(_minted-cv2cheatsheet/C6D564FF3DCA8C3A5040F5D7DB94D4301602BC2CCF221DEFE54CE221
F848253F.pygtex)
\openout4 = `cv2cheatsheet.pyg'.

runsystem(pygmentize -l python -f latex -P commandprefix=PYG -F tokenmerge -o _
minted-cv2cheatsheet/8195E6245940E1870AAD833C13D8A5E11602BC2CCF221DEFE54CE221F8
48253F.pygtex cv2cheatsheet.pyg)...executed.


(_minted-cv2cheatsheet/8195E6245940E1870AAD833C13D8A5E11602BC2CCF221DEFE54CE221
F848253F.pygtex)
\openout4 = `cv2cheatsheet.pyg'.

runsystem(pygmentize -l python -f latex -P commandprefix=PYG -F tokenmerge -o _
minted-cv2cheatsheet/3790D7A7B70F14DC0DB2A1BC56F811051602BC2CCF221DEFE54CE221F8
48253F.pygtex cv2cheatsheet.pyg)...executed.


(_minted-cv2cheatsheet/3790D7A7B70F14DC0DB2A1BC56F811051602BC2CCF221DEFE54CE221
F848253F.pygtex)
\openout4 = `cv2cheatsheet.pyg'.

runsystem(pygmentize -l python -f latex -P commandprefix=PYG -F tokenmerge -o _
minted-cv2cheatsheet/36866FD2B9C810B08FC1DCFE658F66B71602BC2CCF221DEFE54CE221F8
48253F.pygtex cv2cheatsheet.pyg)...executed.


(_minted-cv2cheatsheet/36866FD2B9C810B08FC1DCFE658F66B71602BC2CCF221DEFE54CE221
F848253F.pygtex)
\openout4 = `cv2cheatsheet.pyg'.

runsystem(pygmentize -l python -f latex -P commandprefix=PYG -F tokenmerge -o _
minted-cv2cheatsheet/60C557FFF01E0220E0BD3DF6647AA0FF1602BC2CCF221DEFE54CE221F8
48253F.pygtex cv2cheatsheet.pyg)...executed.


(_minted-cv2cheatsheet/60C557FFF01E0220E0BD3DF6647AA0FF1602BC2CCF221DEFE54CE221
F848253F.pygtex)
\openout4 = `cv2cheatsheet.pyg'.

runsystem(pygmentize -l python -f latex -P commandprefix=PYG -F tokenmerge -o _
minted-cv2cheatsheet/91ADC34B1B9A04E2D4E9CF16547057CD1602BC2CCF221DEFE54CE221F8
48253F.pygtex cv2cheatsheet.pyg)...executed.


(_minted-cv2cheatsheet/91ADC34B1B9A04E2D4E9CF16547057CD1602BC2CCF221DEFE54CE221
F848253F.pygtex)
\openout4 = `cv2cheatsheet.pyg'.

runsystem(pygmentize -l python -f latex -P commandprefix=PYG -F tokenmerge -o _
minted-cv2cheatsheet/CB0CA3971743631122442053D1C94F841602BC2CCF221DEFE54CE221F8
48253F.pygtex cv2cheatsheet.pyg)...executed.


(_minted-cv2cheatsheet/CB0CA3971743631122442053D1C94F841602BC2CCF221DEFE54CE221
F848253F.pygtex)
\openout4 = `cv2cheatsheet.pyg'.

runsystem(pygmentize -l python -f latex -P commandprefix=PYG -F tokenmerge -o _
minted-cv2cheatsheet/0DECB212B60E1089C1AB9DEEF1004FED1602BC2CCF221DEFE54CE221F8
48253F.pygtex cv2cheatsheet.pyg)...executed.


(_minted-cv2cheatsheet/0DECB212B60E1089C1AB9DEEF1004FED1602BC2CCF221DEFE54CE221
F848253F.pygtex)
\openout4 = `cv2cheatsheet.pyg'.

runsystem(pygmentize -l python -f latex -P commandprefix=PYG -F tokenmerge -o _
minted-cv2cheatsheet/F9F4694AE7A0CEC1FA75CE7A94A2D2F61602BC2CCF221DEFE54CE221F8
48253F.pygtex cv2cheatsheet.pyg)...executed.


(_minted-cv2cheatsheet/F9F4694AE7A0CEC1FA75CE7A94A2D2F61602BC2CCF221DEFE54CE221
F848253F.pygtex)
\openout4 = `cv2cheatsheet.pyg'.

runsystem(pygmentize -l python -f latex -P commandprefix=PYG -F tokenmerge -o _
minted-cv2cheatsheet/D4B1DB3BCA994B518938EA0CB8999FB71602BC2CCF221DEFE54CE221F8
48253F.pygtex cv2cheatsheet.pyg)...executed.


(_minted-cv2cheatsheet/D4B1DB3BCA994B518938EA0CB8999FB71602BC2CCF221DEFE54CE221
F848253F.pygtex)
\openout4 = `cv2cheatsheet.pyg'.

runsystem(pygmentize -l python -f latex -P commandprefix=PYG -F tokenmerge -o _
minted-cv2cheatsheet/58E85F19A01A2E24A586D67C175808CA1602BC2CCF221DEFE54CE221F8
48253F.pygtex cv2cheatsheet.pyg)...executed.


(_minted-cv2cheatsheet/58E85F19A01A2E24A586D67C175808CA1602BC2CCF221DEFE54CE221
F848253F.pygtex)
\openout4 = `cv2cheatsheet.pyg'.

runsystem(pygmentize -l python -f latex -P commandprefix=PYG -F tokenmerge -o _
minted-cv2cheatsheet/904E0F32C0DF23AF305EF961D49BDC721602BC2CCF221DEFE54CE221F8
48253F.pygtex cv2cheatsheet.pyg)...executed.


(_minted-cv2cheatsheet/904E0F32C0DF23AF305EF961D49BDC721602BC2CCF221DEFE54CE221
F848253F.pygtex)
\openout4 = `cv2cheatsheet.pyg'.

runsystem(pygmentize -l python -f latex -P commandprefix=PYG -F tokenmerge -o _
minted-cv2cheatsheet/718BC62381C227D631465C9406FEEA5D1602BC2CCF221DEFE54CE221F8
48253F.pygtex cv2cheatsheet.pyg)...executed.


(_minted-cv2cheatsheet/718BC62381C227D631465C9406FEEA5D1602BC2CCF221DEFE54CE221
F848253F.pygtex)
\openout4 = `cv2cheatsheet.pyg'.

runsystem(pygmentize -l python -f latex -P commandprefix=PYG -F tokenmerge -o _
minted-cv2cheatsheet/6A24B897F47F1CDA8F64BD28CF16DEB41602BC2CCF221DEFE54CE221F8
48253F.pygtex cv2cheatsheet.pyg)...executed.


(_minted-cv2cheatsheet/6A24B897F47F1CDA8F64BD28CF16DEB41602BC2CCF221DEFE54CE221
F848253F.pygtex)
\openout4 = `cv2cheatsheet.pyg'.

runsystem(pygmentize -l python -f latex -P commandprefix=PYG -F tokenmerge -o _
minted-cv2cheatsheet/52BE18ADCAE9A6EA1AB2468CAB3362561602BC2CCF221DEFE54CE221F8
48253F.pygtex cv2cheatsheet.pyg)...executed.


(_minted-cv2cheatsheet/52BE18ADCAE9A6EA1AB2468CAB3362561602BC2CCF221DEFE54CE221
F848253F.pygtex)
\openout4 = `cv2cheatsheet.pyg'.

runsystem(pygmentize -l python -f latex -P commandprefix=PYG -F tokenmerge -o _
minted-cv2cheatsheet/B2FB9A3F0CF3CB09C3FB2E07064D8CFD1602BC2CCF221DEFE54CE221F8
48253F.pygtex cv2cheatsheet.pyg)...executed.


(_minted-cv2cheatsheet/B2FB9A3F0CF3CB09C3FB2E07064D8CFD1602BC2CCF221DEFE54CE221
F848253F.pygtex)
\openout4 = `cv2cheatsheet.pyg'.

runsystem(pygmentize -l python -f latex -P commandprefix=PYG -F tokenmerge -o _
minted-cv2cheatsheet/714191169E904D000DF1630D384A7E1A1602BC2CCF221DEFE54CE221F8
48253F.pygtex cv2cheatsheet.pyg)...executed.


(_minted-cv2cheatsheet/714191169E904D000DF1630D384A7E1A1602BC2CCF221DEFE54CE221
F848253F.pygtex)
\openout4 = `cv2cheatsheet.pyg'.

runsystem(pygmentize -l python -f latex -P commandprefix=PYG -F tokenmerge -o _
minted-cv2cheatsheet/28B5504891298FBF91668C6297A61F511602BC2CCF221DEFE54CE221F8
48253F.pygtex cv2cheatsheet.pyg)...executed.


(_minted-cv2cheatsheet/28B5504891298FBF91668C6297A61F511602BC2CCF221DEFE54CE221
F848253F.pygtex)
\openout4 = `cv2cheatsheet.pyg'.

runsystem(pygmentize -l python -f latex -P commandprefix=PYG -F tokenmerge -o _
minted-cv2cheatsheet/50B88191EEFCD40B82565E4A223E77BA1602BC2CCF221DEFE54CE221F8
48253F.pygtex cv2cheatsheet.pyg)...executed.


(_minted-cv2cheatsheet/50B88191EEFCD40B82565E4A223E77BA1602BC2CCF221DEFE54CE221
F848253F.pygtex)
\openout4 = `cv2cheatsheet.pyg'.

runsystem(pygmentize -l python -f latex -P commandprefix=PYG -F tokenmerge -o _
minted-cv2cheatsheet/C0EE9B2BF655E112359EB8A3B9113F8F1602BC2CCF221DEFE54CE221F8
48253F.pygtex cv2cheatsheet.pyg)...executed.


(_minted-cv2cheatsheet/C0EE9B2BF655E112359EB8A3B9113F8F1602BC2CCF221DEFE54CE221
F848253F.pygtex)
\openout4 = `cv2cheatsheet.pyg'.

runsystem(pygmentize -l python -f latex -P commandprefix=PYG -F tokenmerge -o _
minted-cv2cheatsheet/FF4D6B4990AF61CAFF8FFB7FA58019D61602BC2CCF221DEFE54CE221F8
48253F.pygtex cv2cheatsheet.pyg)...executed.


(_minted-cv2cheatsheet/FF4D6B4990AF61CAFF8FFB7FA58019D61602BC2CCF221DEFE54CE221
F848253F.pygtex)
\openout4 = `cv2cheatsheet.pyg'.

runsystem(pygmentize -l python -f latex -P commandprefix=PYG -F tokenmerge -o _
minted-cv2cheatsheet/9FF0047FC637862AF3E1527A33ACE48D1602BC2CCF221DEFE54CE221F8
48253F.pygtex cv2cheatsheet.pyg)...executed.


(_minted-cv2cheatsheet/9FF0047FC637862AF3E1527A33ACE48D1602BC2CCF221DEFE54CE221
F848253F.pygtex)
\openout4 = `cv2cheatsheet.pyg'.

runsystem(pygmentize -l python -f latex -P commandprefix=PYG -F tokenmerge -o _
minted-cv2cheatsheet/60AE000D72AB10AC1AE63C66C25F8F7B1602BC2CCF221DEFE54CE221F8
48253F.pygtex cv2cheatsheet.pyg)...executed.


(_minted-cv2cheatsheet/60AE000D72AB10AC1AE63C66C25F8F7B1602BC2CCF221DEFE54CE221
F848253F.pygtex)
\openout4 = `cv2cheatsheet.pyg'.

runsystem(pygmentize -l python -f latex -P commandprefix=PYG -F tokenmerge -o _
minted-cv2cheatsheet/AF098034185FFAD1B83B1AE60447E39A1602BC2CCF221DEFE54CE221F8
48253F.pygtex cv2cheatsheet.pyg)...executed.


(_minted-cv2cheatsheet/AF098034185FFAD1B83B1AE60447E39A1602BC2CCF221DEFE54CE221
F848253F.pygtex)
\openout4 = `cv2cheatsheet.pyg'.

runsystem(pygmentize -l python -f latex -P commandprefix=PYG -F tokenmerge -o _
minted-cv2cheatsheet/78F3EA435FE7A146C35E3525046783561602BC2CCF221DEFE54CE221F8
48253F.pygtex cv2cheatsheet.pyg)...executed.


(_minted-cv2cheatsheet/78F3EA435FE7A146C35E3525046783561602BC2CCF221DEFE54CE221
F848253F.pygtex)
Overfull \hbox (12.00854pt too wide) in paragraph at lines 187--199
[]  
 []

\openout4 = `cv2cheatsheet.pyg'.

runsystem(pygmentize -l python -f latex -P commandprefix=PYG -F tokenmerge -o _
minted-cv2cheatsheet/9A8B57328996D27A99EC7A67A531C7D51602BC2CCF221DEFE54CE221F8
48253F.pygtex cv2cheatsheet.pyg)...executed.


(_minted-cv2cheatsheet/9A8B57328996D27A99EC7A67A531C7D51602BC2CCF221DEFE54CE221
F848253F.pygtex)
\openout4 = `cv2cheatsheet.pyg'.

runsystem(pygmentize -l python -f latex -P commandprefix=PYG -F tokenmerge -o _
minted-cv2cheatsheet/184CD5CF2C4F568CA5F4F48D06C0F6331602BC2CCF221DEFE54CE221F8
48253F.pygtex cv2cheatsheet.pyg)...executed.


(_minted-cv2cheatsheet/184CD5CF2C4F568CA5F4F48D06C0F6331602BC2CCF221DEFE54CE221
F848253F.pygtex)
\openout4 = `cv2cheatsheet.pyg'.

runsystem(pygmentize -l python -f latex -P commandprefix=PYG -F tokenmerge -o _
minted-cv2cheatsheet/580A4CD333B48093C542FF12A1BE90621602BC2CCF221DEFE54CE221F8
48253F.pygtex cv2cheatsheet.pyg)...executed.


(_minted-cv2cheatsheet/580A4CD333B48093C542FF12A1BE90621602BC2CCF221DEFE54CE221
F848253F.pygtex)
\openout4 = `cv2cheatsheet.pyg'.

runsystem(pygmentize -l python -f latex -P commandprefix=PYG -F tokenmerge -o _
minted-cv2cheatsheet/DBBC0CC8CAD69784940AC35C58B01BFF1602BC2CCF221DEFE54CE221F8
48253F.pygtex cv2cheatsheet.pyg)...executed.


(_minted-cv2cheatsheet/DBBC0CC8CAD69784940AC35C58B01BFF1602BC2CCF221DEFE54CE221
F848253F.pygtex)
\openout4 = `cv2cheatsheet.pyg'.


(_minted-cv2cheatsheet/9A8B57328996D27A99EC7A67A531C7D51602BC2CCF221DEFE54CE221
F848253F.pygtex)
\openout4 = `cv2cheatsheet.pyg'.

runsystem(pygmentize -l python -f latex -P commandprefix=PYG -F tokenmerge -o _
minted-cv2cheatsheet/5C35EF3D06DEE3A8AC8587A7C90C895D1602BC2CCF221DEFE54CE221F8
48253F.pygtex cv2cheatsheet.pyg)...executed.


(_minted-cv2cheatsheet/5C35EF3D06DEE3A8AC8587A7C90C895D1602BC2CCF221DEFE54CE221
F848253F.pygtex)
\openout4 = `cv2cheatsheet.pyg'.

runsystem(pygmentize -l python -f latex -P commandprefix=PYG -F tokenmerge -o _
minted-cv2cheatsheet/835789B60A20526F5BC1FAB91E93B8811602BC2CCF221DEFE54CE221F8
48253F.pygtex cv2cheatsheet.pyg)...executed.


(_minted-cv2cheatsheet/835789B60A20526F5BC1FAB91E93B8811602BC2CCF221DEFE54CE221
F848253F.pygtex)
\openout4 = `cv2cheatsheet.pyg'.

runsystem(pygmentize -l python -f latex -P commandprefix=PYG -F tokenmerge -o _
minted-cv2cheatsheet/5279AA82E146CBE9B6CDB84EA5CE5BFC1602BC2CCF221DEFE54CE221F8
48253F.pygtex cv2cheatsheet.pyg)...executed.


(_minted-cv2cheatsheet/5279AA82E146CBE9B6CDB84EA5CE5BFC1602BC2CCF221DEFE54CE221
F848253F.pygtex)
\openout4 = `cv2cheatsheet.pyg'.

runsystem(pygmentize -l python -f latex -P commandprefix=PYG -F tokenmerge -o _
minted-cv2cheatsheet/825D59089FF24AAA2F34BF78B103F4821602BC2CCF221DEFE54CE221F8
48253F.pygtex cv2cheatsheet.pyg)...executed.


(_minted-cv2cheatsheet/825D59089FF24AAA2F34BF78B103F4821602BC2CCF221DEFE54CE221
F848253F.pygtex)
\openout4 = `cv2cheatsheet.pyg'.

runsystem(pygmentize -l python -f latex -P commandprefix=PYG -F tokenmerge -o _
minted-cv2cheatsheet/16D0D5BA0DBCB817146D58FF757D2D251602BC2CCF221DEFE54CE221F8
48253F.pygtex cv2cheatsheet.pyg)...executed.


(_minted-cv2cheatsheet/16D0D5BA0DBCB817146D58FF757D2D251602BC2CCF221DEFE54CE221
F848253F.pygtex)
\openout4 = `cv2cheatsheet.pyg'.

runsystem(pygmentize -l python -f latex -P commandprefix=PYG -F tokenmerge -o _
minted-cv2cheatsheet/1B5AF59A399466197D6EBFFD218B72841602BC2CCF221DEFE54CE221F8
48253F.pygtex cv2cheatsheet.pyg)...executed.


(_minted-cv2cheatsheet/1B5AF59A399466197D6EBFFD218B72841602BC2CCF221DEFE54CE221
F848253F.pygtex)
\openout4 = `cv2cheatsheet.pyg'.

runsystem(pygmentize -l python -f latex -P commandprefix=PYG -F tokenmerge -o _
minted-cv2cheatsheet/8D002824B21CFAC912F87A31D2C2DD9A1602BC2CCF221DEFE54CE221F8
48253F.pygtex cv2cheatsheet.pyg)...executed.


(_minted-cv2cheatsheet/8D002824B21CFAC912F87A31D2C2DD9A1602BC2CCF221DEFE54CE221
F848253F.pygtex)
\openout4 = `cv2cheatsheet.pyg'.

runsystem(pygmentize -l python -f latex -P commandprefix=PYG -F tokenmerge -o _
minted-cv2cheatsheet/E30B4E4BFB08CDAB5CA50DF1B7B575601602BC2CCF221DEFE54CE221F8
48253F.pygtex cv2cheatsheet.pyg)...executed.


(_minted-cv2cheatsheet/E30B4E4BFB08CDAB5CA50DF1B7B575601602BC2CCF221DEFE54CE221
F848253F.pygtex)
\openout4 = `cv2cheatsheet.pyg'.

runsystem(pygmentize -l python -f latex -P commandprefix=PYG -F tokenmerge -o _
minted-cv2cheatsheet/C2550C5ED465BF7B20D784AF8FF2271B1602BC2CCF221DEFE54CE221F8
48253F.pygtex cv2cheatsheet.pyg)...executed.


(_minted-cv2cheatsheet/C2550C5ED465BF7B20D784AF8FF2271B1602BC2CCF221DEFE54CE221
F848253F.pygtex)
\openout4 = `cv2cheatsheet.pyg'.

runsystem(pygmentize -l python -f latex -P commandprefix=PYG -F tokenmerge -o _
minted-cv2cheatsheet/C17277146C0B75C5E6DC1F5E4DF8BA691602BC2CCF221DEFE54CE221F8
48253F.pygtex cv2cheatsheet.pyg)...executed.


(_minted-cv2cheatsheet/C17277146C0B75C5E6DC1F5E4DF8BA691602BC2CCF221DEFE54CE221
F848253F.pygtex)
\openout4 = `cv2cheatsheet.pyg'.

runsystem(pygmentize -l python -f latex -P commandprefix=PYG -F tokenmerge -o _
minted-cv2cheatsheet/B3643A5A596411B07636D137C3C88AEC1602BC2CCF221DEFE54CE221F8
48253F.pygtex cv2cheatsheet.pyg)...executed.


(_minted-cv2cheatsheet/B3643A5A596411B07636D137C3C88AEC1602BC2CCF221DEFE54CE221
F848253F.pygtex)
\openout4 = `cv2cheatsheet.pyg'.

runsystem(pygmentize -l python -f latex -P commandprefix=PYG -F tokenmerge -o _
minted-cv2cheatsheet/1DE3C5C49E0D31A52F266CA2A9296C121602BC2CCF221DEFE54CE221F8
48253F.pygtex cv2cheatsheet.pyg)...executed.


(_minted-cv2cheatsheet/1DE3C5C49E0D31A52F266CA2A9296C121602BC2CCF221DEFE54CE221
F848253F.pygtex)
\openout4 = `cv2cheatsheet.pyg'.

runsystem(pygmentize -l python -f latex -P commandprefix=PYG -F tokenmerge -o _
minted-cv2cheatsheet/15695A87B7CC04017FADD950DF2263B01602BC2CCF221DEFE54CE221F8
48253F.pygtex cv2cheatsheet.pyg)...executed.


(_minted-cv2cheatsheet/15695A87B7CC04017FADD950DF2263B01602BC2CCF221DEFE54CE221
F848253F.pygtex)
Overfull \hbox (20.77805pt too wide) in paragraph at lines 209--219
[]  
 []

\openout4 = `cv2cheatsheet.pyg'.

runsystem(pygmentize -l python -f latex -P commandprefix=PYG -F tokenmerge -o _
minted-cv2cheatsheet/F42D6F0C7086E597A3CE2189CB70B8831602BC2CCF221DEFE54CE221F8
48253F.pygtex cv2cheatsheet.pyg)...executed.


(_minted-cv2cheatsheet/F42D6F0C7086E597A3CE2189CB70B8831602BC2CCF221DEFE54CE221
F848253F.pygtex)
\openout4 = `cv2cheatsheet.pyg'.

runsystem(pygmentize -l python -f latex -P commandprefix=PYG -F tokenmerge -o _
minted-cv2cheatsheet/EB0DBC109DED74725F2654F2F82019281602BC2CCF221DEFE54CE221F8
48253F.pygtex cv2cheatsheet.pyg)...executed.


(_minted-cv2cheatsheet/EB0DBC109DED74725F2654F2F82019281602BC2CCF221DEFE54CE221
F848253F.pygtex)
\openout4 = `cv2cheatsheet.pyg'.

runsystem(pygmentize -l python -f latex -P commandprefix=PYG -F tokenmerge -o _
minted-cv2cheatsheet/3B110054D935FED64457B1C781D9D9581602BC2CCF221DEFE54CE221F8
48253F.pygtex cv2cheatsheet.pyg)...executed.


(_minted-cv2cheatsheet/3B110054D935FED64457B1C781D9D9581602BC2CCF221DEFE54CE221
F848253F.pygtex)
\openout4 = `cv2cheatsheet.pyg'.

runsystem(pygmentize -l python -f latex -P commandprefix=PYG -F tokenmerge -o _
minted-cv2cheatsheet/136996D3059F4D497FA1C0661D2C26621602BC2CCF221DEFE54CE221F8
48253F.pygtex cv2cheatsheet.pyg)...executed.


(_minted-cv2cheatsheet/136996D3059F4D497FA1C0661D2C26621602BC2CCF221DEFE54CE221
F848253F.pygtex)
\openout4 = `cv2cheatsheet.pyg'.

runsystem(pygmentize -l python -f latex -P commandprefix=PYG -F tokenmerge -o _
minted-cv2cheatsheet/D1DDB7E0B673DE92CC4B00BB7BFED4F41602BC2CCF221DEFE54CE221F8
48253F.pygtex cv2cheatsheet.pyg)...executed.


(_minted-cv2cheatsheet/D1DDB7E0B673DE92CC4B00BB7BFED4F41602BC2CCF221DEFE54CE221
F848253F.pygtex)
\openout4 = `cv2cheatsheet.pyg'.

runsystem(pygmentize -l python -f latex -P commandprefix=PYG -F tokenmerge -o _
minted-cv2cheatsheet/D17BD59C8BE020910523C5B14CC979F61602BC2CCF221DEFE54CE221F8
48253F.pygtex cv2cheatsheet.pyg)...executed.


(_minted-cv2cheatsheet/D17BD59C8BE020910523C5B14CC979F61602BC2CCF221DEFE54CE221
F848253F.pygtex)
\openout4 = `cv2cheatsheet.pyg'.

runsystem(pygmentize -l python -f latex -P commandprefix=PYG -F tokenmerge -o _
minted-cv2cheatsheet/8F64BE7442F9B1E40AA585A42AAC3D4F1602BC2CCF221DEFE54CE221F8
48253F.pygtex cv2cheatsheet.pyg)...executed.


(_minted-cv2cheatsheet/8F64BE7442F9B1E40AA585A42AAC3D4F1602BC2CCF221DEFE54CE221
F848253F.pygtex)
\openout4 = `cv2cheatsheet.pyg'.

runsystem(pygmentize -l python -f latex -P commandprefix=PYG -F tokenmerge -o _
minted-cv2cheatsheet/9700BA81CD56119EAE0A7A444520E73A1602BC2CCF221DEFE54CE221F8
48253F.pygtex cv2cheatsheet.pyg)...executed.


(_minted-cv2cheatsheet/9700BA81CD56119EAE0A7A444520E73A1602BC2CCF221DEFE54CE221
F848253F.pygtex)
\openout4 = `cv2cheatsheet.pyg'.

runsystem(pygmentize -l python -f latex -P commandprefix=PYG -F tokenmerge -o _
minted-cv2cheatsheet/73663B2E78CACE55ABF8C6DA6A5C90F81602BC2CCF221DEFE54CE221F8
48253F.pygtex cv2cheatsheet.pyg)...executed.


(_minted-cv2cheatsheet/73663B2E78CACE55ABF8C6DA6A5C90F81602BC2CCF221DEFE54CE221
F848253F.pygtex)
\openout4 = `cv2cheatsheet.pyg'.

runsystem(pygmentize -l python -f latex -P commandprefix=PYG -F tokenmerge -o _
minted-cv2cheatsheet/A683C9F7F4B9140A7D5A4C38C1861C841602BC2CCF221DEFE54CE221F8
48253F.pygtex cv2cheatsheet.pyg)...executed.


(_minted-cv2cheatsheet/A683C9F7F4B9140A7D5A4C38C1861C841602BC2CCF221DEFE54CE221
F848253F.pygtex)
\openout4 = `cv2cheatsheet.pyg'.

runsystem(pygmentize -l python -f latex -P commandprefix=PYG -F tokenmerge -o _
minted-cv2cheatsheet/E8E4D35B24FD7A8EFFEC223BE7DC93901602BC2CCF221DEFE54CE221F8
48253F.pygtex cv2cheatsheet.pyg)...executed.


(_minted-cv2cheatsheet/E8E4D35B24FD7A8EFFEC223BE7DC93901602BC2CCF221DEFE54CE221
F848253F.pygtex)
\openout4 = `cv2cheatsheet.pyg'.

runsystem(pygmentize -l python -f latex -P commandprefix=PYG -F tokenmerge -o _
minted-cv2cheatsheet/2CCA2318640631D4C9E99AA5727F71CB1602BC2CCF221DEFE54CE221F8
48253F.pygtex cv2cheatsheet.pyg)...executed.


(_minted-cv2cheatsheet/2CCA2318640631D4C9E99AA5727F71CB1602BC2CCF221DEFE54CE221
F848253F.pygtex)
\openout4 = `cv2cheatsheet.pyg'.

runsystem(pygmentize -l python -f latex -P commandprefix=PYG -F tokenmerge -o _
minted-cv2cheatsheet/B423198D4BEF3D227B10FEBBA542BCAE1602BC2CCF221DEFE54CE221F8
48253F.pygtex cv2cheatsheet.pyg)...executed.


(_minted-cv2cheatsheet/B423198D4BEF3D227B10FEBBA542BCAE1602BC2CCF221DEFE54CE221
F848253F.pygtex)
\openout4 = `cv2cheatsheet.pyg'.

runsystem(pygmentize -l python -f latex -P commandprefix=PYG -F tokenmerge -o _
minted-cv2cheatsheet/E797D1F1F3BD840479FD857ED791C89F1602BC2CCF221DEFE54CE221F8
48253F.pygtex cv2cheatsheet.pyg)...executed.


(_minted-cv2cheatsheet/E797D1F1F3BD840479FD857ED791C89F1602BC2CCF221DEFE54CE221
F848253F.pygtex)
\openout4 = `cv2cheatsheet.pyg'.

runsystem(pygmentize -l python -f latex -P commandprefix=PYG -F tokenmerge -o _
minted-cv2cheatsheet/81392DCAED8AFE36A5849A5844445D731602BC2CCF221DEFE54CE221F8
48253F.pygtex cv2cheatsheet.pyg)...executed.


(_minted-cv2cheatsheet/81392DCAED8AFE36A5849A5844445D731602BC2CCF221DEFE54CE221
F848253F.pygtex)
\openout4 = `cv2cheatsheet.pyg'.

runsystem(pygmentize -l python -f latex -P commandprefix=PYG -F tokenmerge -o _
minted-cv2cheatsheet/E413989A3BF0A7A92BFC5BDB48B2A87B1602BC2CCF221DEFE54CE221F8
48253F.pygtex cv2cheatsheet.pyg)...executed.


(_minted-cv2cheatsheet/E413989A3BF0A7A92BFC5BDB48B2A87B1602BC2CCF221DEFE54CE221
F848253F.pygtex)
\openout4 = `cv2cheatsheet.pyg'.

runsystem(pygmentize -l python -f latex -P commandprefix=PYG -F tokenmerge -o _
minted-cv2cheatsheet/92A97E92339C6D5BE6699EB85F3B26101602BC2CCF221DEFE54CE221F8
48253F.pygtex cv2cheatsheet.pyg)...executed.


(_minted-cv2cheatsheet/92A97E92339C6D5BE6699EB85F3B26101602BC2CCF221DEFE54CE221
F848253F.pygtex)
\openout4 = `cv2cheatsheet.pyg'.

runsystem(pygmentize -l python -f latex -P commandprefix=PYG -F tokenmerge -o _
minted-cv2cheatsheet/CE35254F22F22F894E89985C2B1FDE651602BC2CCF221DEFE54CE221F8
48253F.pygtex cv2cheatsheet.pyg)...executed.


(_minted-cv2cheatsheet/CE35254F22F22F894E89985C2B1FDE651602BC2CCF221DEFE54CE221
F848253F.pygtex)
Overfull \hbox (15.658pt too wide) in paragraph at lines 222--245
[] 
 []


Overfull \hbox (6.41263pt too wide) in paragraph at lines 222--245
[]  
 []

[1

{C:/Users/kyqiao/AppData/Local/MiKTeX/2.9/pdftex/config/pdftex.map}]
\openout4 = `cv2cheatsheet.pyg'.

runsystem(pygmentize -l python -f latex -P commandprefix=PYG -F tokenmerge -o _
minted-cv2cheatsheet/F80DB8C4699DC75597A0875F0F3A29B71602BC2CCF221DEFE54CE221F8
48253F.pygtex cv2cheatsheet.pyg)...executed.


(_minted-cv2cheatsheet/F80DB8C4699DC75597A0875F0F3A29B71602BC2CCF221DEFE54CE221
F848253F.pygtex)
\openout4 = `cv2cheatsheet.pyg'.

runsystem(pygmentize -l python -f latex -P commandprefix=PYG -F tokenmerge -o _
minted-cv2cheatsheet/C56D9F0DE44683B75AE8F35BD5F9A1201602BC2CCF221DEFE54CE221F8
48253F.pygtex cv2cheatsheet.pyg)...executed.


(_minted-cv2cheatsheet/C56D9F0DE44683B75AE8F35BD5F9A1201602BC2CCF221DEFE54CE221
F848253F.pygtex)
\openout4 = `cv2cheatsheet.pyg'.

runsystem(pygmentize -l python -f latex -P commandprefix=PYG -F tokenmerge -o _
minted-cv2cheatsheet/8842C910BF0224AD11C2CD0231BB4D701602BC2CCF221DEFE54CE221F8
48253F.pygtex cv2cheatsheet.pyg)...executed.


(_minted-cv2cheatsheet/8842C910BF0224AD11C2CD0231BB4D701602BC2CCF221DEFE54CE221
F848253F.pygtex)
\openout4 = `cv2cheatsheet.pyg'.

runsystem(pygmentize -l python -f latex -P commandprefix=PYG -F tokenmerge -o _
minted-cv2cheatsheet/307B8FE694415DF3F632F424DB2A4AD11602BC2CCF221DEFE54CE221F8
48253F.pygtex cv2cheatsheet.pyg)...executed.


(_minted-cv2cheatsheet/307B8FE694415DF3F632F424DB2A4AD11602BC2CCF221DEFE54CE221
F848253F.pygtex)
\openout4 = `cv2cheatsheet.pyg'.

runsystem(pygmentize -l python -f latex -P commandprefix=PYG -F tokenmerge -o _
minted-cv2cheatsheet/41DA86E720D9021923AD86B606655BE71602BC2CCF221DEFE54CE221F8
48253F.pygtex cv2cheatsheet.pyg)...executed.


(_minted-cv2cheatsheet/41DA86E720D9021923AD86B606655BE71602BC2CCF221DEFE54CE221
F848253F.pygtex)
\openout4 = `cv2cheatsheet.pyg'.

runsystem(pygmentize -l python -f latex -P commandprefix=PYG -F tokenmerge -o _
minted-cv2cheatsheet/6E8CF43C93700F47E8BC573EA43203761602BC2CCF221DEFE54CE221F8
48253F.pygtex cv2cheatsheet.pyg)...executed.


(_minted-cv2cheatsheet/6E8CF43C93700F47E8BC573EA43203761602BC2CCF221DEFE54CE221
F848253F.pygtex)
Overfull \hbox (1.52228pt too wide) in paragraph at lines 247--254
[]  
 []

\openout4 = `cv2cheatsheet.pyg'.

runsystem(pygmentize -l python -f latex -P commandprefix=PYG -F tokenmerge -o _
minted-cv2cheatsheet/BE09C0F913F1CA404748C8211F07F7681602BC2CCF221DEFE54CE221F8
48253F.pygtex cv2cheatsheet.pyg)...executed.


(_minted-cv2cheatsheet/BE09C0F913F1CA404748C8211F07F7681602BC2CCF221DEFE54CE221
F848253F.pygtex)
\openout4 = `cv2cheatsheet.pyg'.

runsystem(pygmentize -l python -f latex -P commandprefix=PYG -F tokenmerge -o _
minted-cv2cheatsheet/70357AB7833291D59D05D727664DB49C1602BC2CCF221DEFE54CE221F8
48253F.pygtex cv2cheatsheet.pyg)...executed.


(_minted-cv2cheatsheet/70357AB7833291D59D05D727664DB49C1602BC2CCF221DEFE54CE221
F848253F.pygtex)
\openout4 = `cv2cheatsheet.pyg'.

runsystem(pygmentize -l python -f latex -P commandprefix=PYG -F tokenmerge -o _
minted-cv2cheatsheet/4F08B5C5AA7E5010D4EAD092CAD0DB4D1602BC2CCF221DEFE54CE221F8
48253F.pygtex cv2cheatsheet.pyg)...executed.


(_minted-cv2cheatsheet/4F08B5C5AA7E5010D4EAD092CAD0DB4D1602BC2CCF221DEFE54CE221
F848253F.pygtex)
\openout4 = `cv2cheatsheet.pyg'.

runsystem(pygmentize -l python -f latex -P commandprefix=PYG -F tokenmerge -o _
minted-cv2cheatsheet/B964522A6831E6C3C47165C341C4FF611602BC2CCF221DEFE54CE221F8
48253F.pygtex cv2cheatsheet.pyg)...executed.


(_minted-cv2cheatsheet/B964522A6831E6C3C47165C341C4FF611602BC2CCF221DEFE54CE221
F848253F.pygtex)
\openout4 = `cv2cheatsheet.pyg'.

runsystem(pygmentize -l python -f latex -P commandprefix=PYG -F tokenmerge -o _
minted-cv2cheatsheet/2A358717C234B5F4D229209AAC4E5E8F1602BC2CCF221DEFE54CE221F8
48253F.pygtex cv2cheatsheet.pyg)...executed.


(_minted-cv2cheatsheet/2A358717C234B5F4D229209AAC4E5E8F1602BC2CCF221DEFE54CE221
F848253F.pygtex)
\openout4 = `cv2cheatsheet.pyg'.

runsystem(pygmentize -l python -f latex -P commandprefix=PYG -F tokenmerge -o _
minted-cv2cheatsheet/260C7CA5B77BEC22D1B4BF146DCEAFF01602BC2CCF221DEFE54CE221F8
48253F.pygtex cv2cheatsheet.pyg)...executed.


(_minted-cv2cheatsheet/260C7CA5B77BEC22D1B4BF146DCEAFF01602BC2CCF221DEFE54CE221
F848253F.pygtex)
\openout4 = `cv2cheatsheet.pyg'.

runsystem(pygmentize -l python -f latex -P commandprefix=PYG -F tokenmerge -o _
minted-cv2cheatsheet/C0AC8C54F42AB35C938A448C1A6C998D1602BC2CCF221DEFE54CE221F8
48253F.pygtex cv2cheatsheet.pyg)...executed.


(_minted-cv2cheatsheet/C0AC8C54F42AB35C938A448C1A6C998D1602BC2CCF221DEFE54CE221
F848253F.pygtex)
\openout4 = `cv2cheatsheet.pyg'.

runsystem(pygmentize -l python -f latex -P commandprefix=PYG -F tokenmerge -o _
minted-cv2cheatsheet/A100DCBF1CC725F61614039A7D14ACCA1602BC2CCF221DEFE54CE221F8
48253F.pygtex cv2cheatsheet.pyg)...executed.


(_minted-cv2cheatsheet/A100DCBF1CC725F61614039A7D14ACCA1602BC2CCF221DEFE54CE221
F848253F.pygtex)
\openout4 = `cv2cheatsheet.pyg'.

runsystem(pygmentize -l python -f latex -P commandprefix=PYG -F tokenmerge -o _
minted-cv2cheatsheet/917A1C5EFE77C062B909881F55C28B241602BC2CCF221DEFE54CE221F8
48253F.pygtex cv2cheatsheet.pyg)...executed.


(_minted-cv2cheatsheet/917A1C5EFE77C062B909881F55C28B241602BC2CCF221DEFE54CE221
F848253F.pygtex)
\openout4 = `cv2cheatsheet.pyg'.

runsystem(pygmentize -l python -f latex -P commandprefix=PYG -F tokenmerge -o _
minted-cv2cheatsheet/E85A3A9EFA7FA6A7D0BA1ADD29171DA61602BC2CCF221DEFE54CE221F8
48253F.pygtex cv2cheatsheet.pyg)...executed.


(_minted-cv2cheatsheet/E85A3A9EFA7FA6A7D0BA1ADD29171DA61602BC2CCF221DEFE54CE221
F848253F.pygtex)
\openout4 = `cv2cheatsheet.pyg'.

runsystem(pygmentize -l python -f latex -P commandprefix=PYG -F tokenmerge -o _
minted-cv2cheatsheet/07BF5D3690303813584553360F4307921602BC2CCF221DEFE54CE221F8
48253F.pygtex cv2cheatsheet.pyg)...executed.


(_minted-cv2cheatsheet/07BF5D3690303813584553360F4307921602BC2CCF221DEFE54CE221
F848253F.pygtex)
\openout4 = `cv2cheatsheet.pyg'.

runsystem(pygmentize -l python -f latex -P commandprefix=PYG -F tokenmerge -o _
minted-cv2cheatsheet/E3F53FD7EB665E85AE56E78651DE8E961602BC2CCF221DEFE54CE221F8
48253F.pygtex cv2cheatsheet.pyg)...executed.


(_minted-cv2cheatsheet/E3F53FD7EB665E85AE56E78651DE8E961602BC2CCF221DEFE54CE221
F848253F.pygtex)
\openout4 = `cv2cheatsheet.pyg'.

runsystem(pygmentize -l python -f latex -P commandprefix=PYG -F tokenmerge -o _
minted-cv2cheatsheet/3F2298E9AC93AF83F01BE5873A9D41541602BC2CCF221DEFE54CE221F8
48253F.pygtex cv2cheatsheet.pyg)...executed.


(_minted-cv2cheatsheet/3F2298E9AC93AF83F01BE5873A9D41541602BC2CCF221DEFE54CE221
F848253F.pygtex)
\openout4 = `cv2cheatsheet.pyg'.

runsystem(pygmentize -l python -f latex -P commandprefix=PYG -F tokenmerge -o _
minted-cv2cheatsheet/44D2818D953915E41F8C9C63E96B354B1602BC2CCF221DEFE54CE221F8
48253F.pygtex cv2cheatsheet.pyg)...executed.


(_minted-cv2cheatsheet/44D2818D953915E41F8C9C63E96B354B1602BC2CCF221DEFE54CE221
F848253F.pygtex)
\openout4 = `cv2cheatsheet.pyg'.

runsystem(pygmentize -l python -f latex -P commandprefix=PYG -F tokenmerge -o _
minted-cv2cheatsheet/AE712CE06D7741847D0E21F114957A691602BC2CCF221DEFE54CE221F8
48253F.pygtex cv2cheatsheet.pyg)...executed.


(_minted-cv2cheatsheet/AE712CE06D7741847D0E21F114957A691602BC2CCF221DEFE54CE221
F848253F.pygtex)
\openout4 = `cv2cheatsheet.pyg'.

runsystem(pygmentize -l python -f latex -P commandprefix=PYG -F tokenmerge -o _
minted-cv2cheatsheet/324B4CC372D42DFD91C1A7B0210BC39E1602BC2CCF221DEFE54CE221F8
48253F.pygtex cv2cheatsheet.pyg)...executed.


(_minted-cv2cheatsheet/324B4CC372D42DFD91C1A7B0210BC39E1602BC2CCF221DEFE54CE221
F848253F.pygtex)
\openout4 = `cv2cheatsheet.pyg'.

runsystem(pygmentize -l python -f latex -P commandprefix=PYG -F tokenmerge -o _
minted-cv2cheatsheet/187F9D0A45670D651D205FC128A91B321602BC2CCF221DEFE54CE221F8
48253F.pygtex cv2cheatsheet.pyg)...executed.


(_minted-cv2cheatsheet/187F9D0A45670D651D205FC128A91B321602BC2CCF221DEFE54CE221
F848253F.pygtex)
\openout4 = `cv2cheatsheet.pyg'.


(_minted-cv2cheatsheet/F9F4694AE7A0CEC1FA75CE7A94A2D2F61602BC2CCF221DEFE54CE221
F848253F.pygtex)
\openout4 = `cv2cheatsheet.pyg'.

runsystem(pygmentize -l python -f latex -P commandprefix=PYG -F tokenmerge -o _
minted-cv2cheatsheet/5696FEB53A6AD364E3DA313D7BB865C21602BC2CCF221DEFE54CE221F8
48253F.pygtex cv2cheatsheet.pyg)...executed.


(_minted-cv2cheatsheet/5696FEB53A6AD364E3DA313D7BB865C21602BC2CCF221DEFE54CE221
F848253F.pygtex)
\openout4 = `cv2cheatsheet.pyg'.

runsystem(pygmentize -l python -f latex -P commandprefix=PYG -F tokenmerge -o _
minted-cv2cheatsheet/8993155D650D4F5DB8D6E3267B1A2DA21602BC2CCF221DEFE54CE221F8
48253F.pygtex cv2cheatsheet.pyg)...executed.


(_minted-cv2cheatsheet/8993155D650D4F5DB8D6E3267B1A2DA21602BC2CCF221DEFE54CE221
F848253F.pygtex)
\openout4 = `cv2cheatsheet.pyg'.

runsystem(pygmentize -l python -f latex -P commandprefix=PYG -F tokenmerge -o _
minted-cv2cheatsheet/6049D6013872759678435A04B1E0C4C01602BC2CCF221DEFE54CE221F8
48253F.pygtex cv2cheatsheet.pyg)...executed.


(_minted-cv2cheatsheet/6049D6013872759678435A04B1E0C4C01602BC2CCF221DEFE54CE221
F848253F.pygtex)
\openout4 = `cv2cheatsheet.pyg'.

runsystem(pygmentize -l python -f latex -P commandprefix=PYG -F tokenmerge -o _
minted-cv2cheatsheet/DA70A9B29BFECDECCE07A3DFCCB6D3811602BC2CCF221DEFE54CE221F8
48253F.pygtex cv2cheatsheet.pyg)...executed.


(_minted-cv2cheatsheet/DA70A9B29BFECDECCE07A3DFCCB6D3811602BC2CCF221DEFE54CE221
F848253F.pygtex)
\openout4 = `cv2cheatsheet.pyg'.

runsystem(pygmentize -l python -f latex -P commandprefix=PYG -F tokenmerge -o _
minted-cv2cheatsheet/2F88BAE50891DDD30CA30C14384EA3C71602BC2CCF221DEFE54CE221F8
48253F.pygtex cv2cheatsheet.pyg)...executed.


(_minted-cv2cheatsheet/2F88BAE50891DDD30CA30C14384EA3C71602BC2CCF221DEFE54CE221
F848253F.pygtex)
\openout4 = `cv2cheatsheet.pyg'.

runsystem(pygmentize -l python -f latex -P commandprefix=PYG -F tokenmerge -o _
minted-cv2cheatsheet/EAC70EFA9E86B89D3ED547B150A1EFB11602BC2CCF221DEFE54CE221F8
48253F.pygtex cv2cheatsheet.pyg)...executed.


(_minted-cv2cheatsheet/EAC70EFA9E86B89D3ED547B150A1EFB11602BC2CCF221DEFE54CE221
F848253F.pygtex)
\openout4 = `cv2cheatsheet.pyg'.

runsystem(pygmentize -l python -f latex -P commandprefix=PYG -F tokenmerge -o _
minted-cv2cheatsheet/51CED4FD74BC48B75CF82FF3AF6BBD231602BC2CCF221DEFE54CE221F8
48253F.pygtex cv2cheatsheet.pyg)...executed.


(_minted-cv2cheatsheet/51CED4FD74BC48B75CF82FF3AF6BBD231602BC2CCF221DEFE54CE221
F848253F.pygtex)
\openout4 = `cv2cheatsheet.pyg'.

runsystem(pygmentize -l python -f latex -P commandprefix=PYG -F tokenmerge -o _
minted-cv2cheatsheet/3BDF0F38B8E16CB1EEBF968B83649BF81602BC2CCF221DEFE54CE221F8
48253F.pygtex cv2cheatsheet.pyg)...executed.


(_minted-cv2cheatsheet/3BDF0F38B8E16CB1EEBF968B83649BF81602BC2CCF221DEFE54CE221
F848253F.pygtex)
\openout4 = `cv2cheatsheet.pyg'.

runsystem(pygmentize -l python -f latex -P commandprefix=PYG -F tokenmerge -o _
minted-cv2cheatsheet/3A0EBA4689A966854EB2F0F4DAC253AC1602BC2CCF221DEFE54CE221F8
48253F.pygtex cv2cheatsheet.pyg)...executed.


(_minted-cv2cheatsheet/3A0EBA4689A966854EB2F0F4DAC253AC1602BC2CCF221DEFE54CE221
F848253F.pygtex)
\openout4 = `cv2cheatsheet.pyg'.

runsystem(pygmentize -l python -f latex -P commandprefix=PYG -F tokenmerge -o _
minted-cv2cheatsheet/623202C8E491822AA241BDBF65134A161602BC2CCF221DEFE54CE221F8
48253F.pygtex cv2cheatsheet.pyg)...executed.


(_minted-cv2cheatsheet/623202C8E491822AA241BDBF65134A161602BC2CCF221DEFE54CE221
F848253F.pygtex)
\openout4 = `cv2cheatsheet.pyg'.

runsystem(pygmentize -l python -f latex -P commandprefix=PYG -F tokenmerge -o _
minted-cv2cheatsheet/ED8C4284FA2974016044A04EBF12D6981602BC2CCF221DEFE54CE221F8
48253F.pygtex cv2cheatsheet.pyg)...executed.


(_minted-cv2cheatsheet/ED8C4284FA2974016044A04EBF12D6981602BC2CCF221DEFE54CE221
F848253F.pygtex)
\openout4 = `cv2cheatsheet.pyg'.

runsystem(pygmentize -l python -f latex -P commandprefix=PYG -F tokenmerge -o _
minted-cv2cheatsheet/9B989676BFE336329B22268B00CE5F991602BC2CCF221DEFE54CE221F8
48253F.pygtex cv2cheatsheet.pyg)...executed.


(_minted-cv2cheatsheet/9B989676BFE336329B22268B00CE5F991602BC2CCF221DEFE54CE221
F848253F.pygtex)
\openout4 = `cv2cheatsheet.pyg'.

runsystem(pygmentize -l python -f latex -P commandprefix=PYG -F tokenmerge -o _
minted-cv2cheatsheet/26577465EE48BDD198BCC862BDA617EA1602BC2CCF221DEFE54CE221F8
48253F.pygtex cv2cheatsheet.pyg)...executed.


(_minted-cv2cheatsheet/26577465EE48BDD198BCC862BDA617EA1602BC2CCF221DEFE54CE221
F848253F.pygtex)
\openout4 = `cv2cheatsheet.pyg'.

runsystem(pygmentize -l python -f latex -P commandprefix=PYG -F tokenmerge -o _
minted-cv2cheatsheet/9438E9B4BAAF4D5DC949BD42C1E8BC301602BC2CCF221DEFE54CE221F8
48253F.pygtex cv2cheatsheet.pyg)...executed.


(_minted-cv2cheatsheet/9438E9B4BAAF4D5DC949BD42C1E8BC301602BC2CCF221DEFE54CE221
F848253F.pygtex)
\openout4 = `cv2cheatsheet.pyg'.

runsystem(pygmentize -l python -f latex -P commandprefix=PYG -F tokenmerge -o _
minted-cv2cheatsheet/7651CF039F2F1B999AB865CD0550C1391602BC2CCF221DEFE54CE221F8
48253F.pygtex cv2cheatsheet.pyg)...executed.


(_minted-cv2cheatsheet/7651CF039F2F1B999AB865CD0550C1391602BC2CCF221DEFE54CE221
F848253F.pygtex)
\openout4 = `cv2cheatsheet.pyg'.

runsystem(pygmentize -l python -f latex -P commandprefix=PYG -F tokenmerge -o _
minted-cv2cheatsheet/D12115AED2FF3A05039CDC00B1FB19EA1602BC2CCF221DEFE54CE221F8
48253F.pygtex cv2cheatsheet.pyg)...executed.


(_minted-cv2cheatsheet/D12115AED2FF3A05039CDC00B1FB19EA1602BC2CCF221DEFE54CE221
F848253F.pygtex)
\openout4 = `cv2cheatsheet.pyg'.

runsystem(pygmentize -l python -f latex -P commandprefix=PYG -F tokenmerge -o _
minted-cv2cheatsheet/7A25984D734F4DF22593E0E70BC915601602BC2CCF221DEFE54CE221F8
48253F.pygtex cv2cheatsheet.pyg)...executed.


(_minted-cv2cheatsheet/7A25984D734F4DF22593E0E70BC915601602BC2CCF221DEFE54CE221
F848253F.pygtex)
Overfull \hbox (25.22124pt too wide) in paragraph at lines 291--311
[]  
 []

\openout4 = `cv2cheatsheet.pyg'.

runsystem(pygmentize -l python -f latex -P commandprefix=PYG -F tokenmerge -o _
minted-cv2cheatsheet/F0623B16F9BCA714235A874E357EF2031602BC2CCF221DEFE54CE221F8
48253F.pygtex cv2cheatsheet.pyg)...executed.


(_minted-cv2cheatsheet/F0623B16F9BCA714235A874E357EF2031602BC2CCF221DEFE54CE221
F848253F.pygtex)
\openout4 = `cv2cheatsheet.pyg'.

runsystem(pygmentize -l python -f latex -P commandprefix=PYG -F tokenmerge -o _
minted-cv2cheatsheet/3D287F670069511879F2F6EA407FC4CD1602BC2CCF221DEFE54CE221F8
48253F.pygtex cv2cheatsheet.pyg)...executed.


(_minted-cv2cheatsheet/3D287F670069511879F2F6EA407FC4CD1602BC2CCF221DEFE54CE221
F848253F.pygtex)
\openout4 = `cv2cheatsheet.pyg'.

runsystem(pygmentize -l python -f latex -P commandprefix=PYG -F tokenmerge -o _
minted-cv2cheatsheet/038C848F49842314F1B294C9E7116CE31602BC2CCF221DEFE54CE221F8
48253F.pygtex cv2cheatsheet.pyg)...executed.


(_minted-cv2cheatsheet/038C848F49842314F1B294C9E7116CE31602BC2CCF221DEFE54CE221
F848253F.pygtex)
Overfull \hbox (9.59047pt too wide) in paragraph at lines 313--318
[]  
 []

\openout4 = `cv2cheatsheet.pyg'.

runsystem(pygmentize -l python -f latex -P commandprefix=PYG -F tokenmerge -o _
minted-cv2cheatsheet/574159BE7AB501DAB0A20CD5478340D11602BC2CCF221DEFE54CE221F8
48253F.pygtex cv2cheatsheet.pyg)...executed.


(_minted-cv2cheatsheet/574159BE7AB501DAB0A20CD5478340D11602BC2CCF221DEFE54CE221
F848253F.pygtex
LaTeX Font Info:    Font shape `OT1/cmtt/bx/n' in size <9> not available
(Font)              Font shape `OT1/cmtt/m/n' tried instead on input line 1.
)

Package hyperref Warning: Token not allowed in a PDF string (PDFDocEncoding):
(hyperref)                removing `\mintinline' on input line 321.

\openout4 = `cv2cheatsheet.pyg'.

runsystem(pygmentize -l python -f latex -P commandprefix=PYG -F tokenmerge -o _
minted-cv2cheatsheet/0312A2B87D2456A35D38A9AAEF1C98621602BC2CCF221DEFE54CE221F8
48253F.pygtex cv2cheatsheet.pyg)...executed.


(_minted-cv2cheatsheet/0312A2B87D2456A35D38A9AAEF1C98621602BC2CCF221DEFE54CE221
F848253F.pygtex)
\openout4 = `cv2cheatsheet.pyg'.

runsystem(pygmentize -l python -f latex -P commandprefix=PYG -F tokenmerge -o _
minted-cv2cheatsheet/A41EF726825F30A270D19D903BFAEA9A1602BC2CCF221DEFE54CE221F8
48253F.pygtex cv2cheatsheet.pyg)...executed.


(_minted-cv2cheatsheet/A41EF726825F30A270D19D903BFAEA9A1602BC2CCF221DEFE54CE221
F848253F.pygtex)
\openout4 = `cv2cheatsheet.pyg'.

runsystem(pygmentize -l python -f latex -P commandprefix=PYG -F tokenmerge -o _
minted-cv2cheatsheet/E1628182C16FF6C18EB43C3CA014238C1602BC2CCF221DEFE54CE221F8
48253F.pygtex cv2cheatsheet.pyg)...executed.


(_minted-cv2cheatsheet/E1628182C16FF6C18EB43C3CA014238C1602BC2CCF221DEFE54CE221
F848253F.pygtex)
\openout4 = `cv2cheatsheet.pyg'.

runsystem(pygmentize -l python -f latex -P commandprefix=PYG -F tokenmerge -o _
minted-cv2cheatsheet/B4A888C7270D09890EF6465346C37EC51602BC2CCF221DEFE54CE221F8
48253F.pygtex cv2cheatsheet.pyg)...executed.


(_minted-cv2cheatsheet/B4A888C7270D09890EF6465346C37EC51602BC2CCF221DEFE54CE221
F848253F.pygtex)
\openout4 = `cv2cheatsheet.pyg'.

runsystem(pygmentize -l python -f latex -P commandprefix=PYG -F tokenmerge -o _
minted-cv2cheatsheet/24687E56A2DA1EED72D90D36FFF54A4F1602BC2CCF221DEFE54CE221F8
48253F.pygtex cv2cheatsheet.pyg)...executed.


(_minted-cv2cheatsheet/24687E56A2DA1EED72D90D36FFF54A4F1602BC2CCF221DEFE54CE221
F848253F.pygtex)
\openout4 = `cv2cheatsheet.pyg'.

runsystem(pygmentize -l python -f latex -P commandprefix=PYG -F tokenmerge -o _
minted-cv2cheatsheet/D7AE5F808477B815998F80B24591A56C1602BC2CCF221DEFE54CE221F8
48253F.pygtex cv2cheatsheet.pyg)...executed.


(_minted-cv2cheatsheet/D7AE5F808477B815998F80B24591A56C1602BC2CCF221DEFE54CE221
F848253F.pygtex)
\openout4 = `cv2cheatsheet.pyg'.

runsystem(pygmentize -l python -f latex -P commandprefix=PYG -F tokenmerge -o _
minted-cv2cheatsheet/FBA2C46B4F51277B2E51C89E81EA75F81602BC2CCF221DEFE54CE221F8
48253F.pygtex cv2cheatsheet.pyg)...executed.


(_minted-cv2cheatsheet/FBA2C46B4F51277B2E51C89E81EA75F81602BC2CCF221DEFE54CE221
F848253F.pygtex)
\openout4 = `cv2cheatsheet.pyg'.


(_minted-cv2cheatsheet/6A24B897F47F1CDA8F64BD28CF16DEB41602BC2CCF221DEFE54CE221
F848253F.pygtex)
! I can't write on file `cv2cheatsheet.pyg'.
<to be read again> 
                   \relax 
l.329 ...(vs.\ \mintinline{python}{uint8, float64}
                                                  )\\
Please type another output file name: test
\openout4 = `test.tex'.


(_minted-cv2cheatsheet/6A24B897F47F1CDA8F64BD28CF16DEB41602BC2CCF221DEFE54CE221
F848253F.pygtex)
\openout4 = `cv2cheatsheet.pyg'.

runsystem(pygmentize -l python -f latex -P commandprefix=PYG -F tokenmerge -o _
minted-cv2cheatsheet/601BD70B86D0045B832064E11009521D1602BC2CCF221DEFE54CE221F8
48253F.pygtex cv2cheatsheet.pyg)...executed.


(_minted-cv2cheatsheet/601BD70B86D0045B832064E11009521D1602BC2CCF221DEFE54CE221
F848253F.pygtex)
\openout4 = `cv2cheatsheet.pyg'.

runsystem(pygmentize -l python -f latex -P commandprefix=PYG -F tokenmerge -o _
minted-cv2cheatsheet/7C1F2EDA0B5D0EEA7A85A06C21D5F6371602BC2CCF221DEFE54CE221F8
48253F.pygtex cv2cheatsheet.pyg)...executed.


(_minted-cv2cheatsheet/7C1F2EDA0B5D0EEA7A85A06C21D5F6371602BC2CCF221DEFE54CE221
F848253F.pygtex)
\openout4 = `cv2cheatsheet.pyg'.

runsystem(pygmentize -l python -f latex -P commandprefix=PYG -F tokenmerge -o _
minted-cv2cheatsheet/128C92A210467C23EE99A3EBEB0883661602BC2CCF221DEFE54CE221F8
48253F.pygtex cv2cheatsheet.pyg)...executed.


(_minted-cv2cheatsheet/128C92A210467C23EE99A3EBEB0883661602BC2CCF221DEFE54CE221
F848253F.pygtex)
\openout4 = `cv2cheatsheet.pyg'.

runsystem(pygmentize -l python -f latex -P commandprefix=PYG -F tokenmerge -o _
minted-cv2cheatsheet/DE3281449426826C9B6B4F5B126BE7671602BC2CCF221DEFE54CE221F8
48253F.pygtex cv2cheatsheet.pyg)...executed.


(_minted-cv2cheatsheet/DE3281449426826C9B6B4F5B126BE7671602BC2CCF221DEFE54CE221
F848253F.pygtex)
\openout4 = `cv2cheatsheet.pyg'.

runsystem(pygmentize -l python -f latex -P commandprefix=PYG -F tokenmerge -o _
minted-cv2cheatsheet/27496BBA993695ABF12A798B0428DFEF1602BC2CCF221DEFE54CE221F8
48253F.pygtex cv2cheatsheet.pyg)...executed.


(_minted-cv2cheatsheet/27496BBA993695ABF12A798B0428DFEF1602BC2CCF221DEFE54CE221
F848253F.pygtex)
\openout4 = `cv2cheatsheet.pyg'.

runsystem(pygmentize -l python -f latex -P commandprefix=PYG -F tokenmerge -o _
minted-cv2cheatsheet/F1F26515CF804F70F39DDB64427EE68A1602BC2CCF221DEFE54CE221F8
48253F.pygtex cv2cheatsheet.pyg)...executed.


(_minted-cv2cheatsheet/F1F26515CF804F70F39DDB64427EE68A1602BC2CCF221DEFE54CE221
F848253F.pygtex)
\openout4 = `cv2cheatsheet.pyg'.

runsystem(pygmentize -l python -f latex -P commandprefix=PYG -F tokenmerge -o _
minted-cv2cheatsheet/AB9232FA978C56BEF4FB0DF471DF6CB31602BC2CCF221DEFE54CE221F8
48253F.pygtex cv2cheatsheet.pyg)...executed.


(_minted-cv2cheatsheet/AB9232FA978C56BEF4FB0DF471DF6CB31602BC2CCF221DEFE54CE221
F848253F.pygtex)
\openout4 = `cv2cheatsheet.pyg'.

runsystem(pygmentize -l python -f latex -P commandprefix=PYG -F tokenmerge -o _
minted-cv2cheatsheet/19BBFD203229736FA1FDFA625E6DE2D71602BC2CCF221DEFE54CE221F8
48253F.pygtex cv2cheatsheet.pyg)...executed.


(_minted-cv2cheatsheet/19BBFD203229736FA1FDFA625E6DE2D71602BC2CCF221DEFE54CE221
F848253F.pygtex)
\openout4 = `cv2cheatsheet.pyg'.

runsystem(pygmentize -l python -f latex -P commandprefix=PYG -F tokenmerge -o _
minted-cv2cheatsheet/DF52E22BF9D2C24BC303818A04D734E11602BC2CCF221DEFE54CE221F8
48253F.pygtex cv2cheatsheet.pyg)...executed.


(_minted-cv2cheatsheet/DF52E22BF9D2C24BC303818A04D734E11602BC2CCF221DEFE54CE221
F848253F.pygtex)
\openout4 = `cv2cheatsheet.pyg'.


(_minted-cv2cheatsheet/07BF5D3690303813584553360F4307921602BC2CCF221DEFE54CE221
F848253F.pygtex)
\openout4 = `cv2cheatsheet.pyg'.


(_minted-cv2cheatsheet/07BF5D3690303813584553360F4307921602BC2CCF221DEFE54CE221
F848253F.pygtex)
\openout4 = `cv2cheatsheet.pyg'.

runsystem(pygmentize -l python -f latex -P commandprefix=PYG -F tokenmerge -o _
minted-cv2cheatsheet/0859D51E5402F843D865DC0C0A47D29B1602BC2CCF221DEFE54CE221F8
48253F.pygtex cv2cheatsheet.pyg)...executed.


(_minted-cv2cheatsheet/0859D51E5402F843D865DC0C0A47D29B1602BC2CCF221DEFE54CE221
F848253F.pygtex)
\openout4 = `cv2cheatsheet.pyg'.

runsystem(pygmentize -l python -f latex -P commandprefix=PYG -F tokenmerge -o _
minted-cv2cheatsheet/4CCB64F263916A77651B4E035BAC99F21602BC2CCF221DEFE54CE221F8
48253F.pygtex cv2cheatsheet.pyg)...executed.


(_minted-cv2cheatsheet/4CCB64F263916A77651B4E035BAC99F21602BC2CCF221DEFE54CE221
F848253F.pygtex)
\openout4 = `cv2cheatsheet.pyg'.

runsystem(pygmentize -l python -f latex -P commandprefix=PYG -F tokenmerge -o _
minted-cv2cheatsheet/50D37A72350EADF6D61C1EB3A99D9DAB1602BC2CCF221DEFE54CE221F8
48253F.pygtex cv2cheatsheet.pyg)...executed.


(_minted-cv2cheatsheet/50D37A72350EADF6D61C1EB3A99D9DAB1602BC2CCF221DEFE54CE221
F848253F.pygtex)
Overfull \hbox (17.8975pt too wide) in paragraph at lines 322--345
[]  
 []

\openout4 = `cv2cheatsheet.pyg'.

runsystem(pygmentize -l python -f latex -P commandprefix=PYG -F tokenmerge -o _
minted-cv2cheatsheet/020C56FFD4535CBDC6C10DB724D53E0F1602BC2CCF221DEFE54CE221F8
48253F.pygtex cv2cheatsheet.pyg)...executed.


(_minted-cv2cheatsheet/020C56FFD4535CBDC6C10DB724D53E0F1602BC2CCF221DEFE54CE221
F848253F.pygtex)

Package hyperref Warning: Token not allowed in a PDF string (PDFDocEncoding):
(hyperref)                removing `\mintinline' on input line 345.

\openout4 = `cv2cheatsheet.pyg'.

runsystem(pygmentize -l python -f latex -P commandprefix=PYG -F tokenmerge -o _
minted-cv2cheatsheet/9DA0C5BD7577D87158B710F7EE702BCB1602BC2CCF221DEFE54CE221F8
48253F.pygtex cv2cheatsheet.pyg)...executed.


(_minted-cv2cheatsheet/9DA0C5BD7577D87158B710F7EE702BCB1602BC2CCF221DEFE54CE221
F848253F.pygtex)
\openout4 = `cv2cheatsheet.pyg'.


(_minted-cv2cheatsheet/1431F895F69779A9E44E211D65D8B5951602BC2CCF221DEFE54CE221
F848253F.pygtex)
\openout4 = `cv2cheatsheet.pyg'.

runsystem(pygmentize -l python -f latex -P commandprefix=PYG -F tokenmerge -o _
minted-cv2cheatsheet/FFE81558297A9C9D313956C7F3FE359F1602BC2CCF221DEFE54CE221F8
48253F.pygtex cv2cheatsheet.pyg)...executed.


(_minted-cv2cheatsheet/FFE81558297A9C9D313956C7F3FE359F1602BC2CCF221DEFE54CE221
F848253F.pygtex)
\openout4 = `cv2cheatsheet.pyg'.

runsystem(pygmentize -l python -f latex -P commandprefix=PYG -F tokenmerge -o _
minted-cv2cheatsheet/DED050EC448870E7727B8AC7F75B62961602BC2CCF221DEFE54CE221F8
48253F.pygtex cv2cheatsheet.pyg)...executed.


(_minted-cv2cheatsheet/DED050EC448870E7727B8AC7F75B62961602BC2CCF221DEFE54CE221
F848253F.pygtex)
\openout4 = `cv2cheatsheet.pyg'.

runsystem(pygmentize -l python -f latex -P commandprefix=PYG -F tokenmerge -o _
minted-cv2cheatsheet/074F8832BE20A284ACC7B8A8363BBAAA1602BC2CCF221DEFE54CE221F8
48253F.pygtex cv2cheatsheet.pyg)...executed.


(_minted-cv2cheatsheet/074F8832BE20A284ACC7B8A8363BBAAA1602BC2CCF221DEFE54CE221
F848253F.pygtex)
\openout4 = `cv2cheatsheet.pyg'.

runsystem(pygmentize -l python -f latex -P commandprefix=PYG -F tokenmerge -o _
minted-cv2cheatsheet/FA126B1FD71DFA7F5D7DF4B381EA6E831602BC2CCF221DEFE54CE221F8
48253F.pygtex cv2cheatsheet.pyg)...executed.


(_minted-cv2cheatsheet/FA126B1FD71DFA7F5D7DF4B381EA6E831602BC2CCF221DEFE54CE221
F848253F.pygtex)
LaTeX Font Info:    Try loading font information for OMS+cmr on input line 359.

 ("C:\Tool\MiKTeX 2.9\tex/latex/base\omscmr.fd"
File: omscmr.fd 2014/09/29 v2.5h Standard LaTeX font definitions
)
LaTeX Font Info:    Font shape `OMS/cmr/m/n' in size <7> not available
(Font)              Font shape `OMS/cmsy/m/n' tried instead on input line 359.
Package atveryend Info: Empty hook `BeforeClearDocument' on input line 365.
 [2]
Package atveryend Info: Empty hook `AfterLastShipout' on input line 365.

(cv2cheatsheet.aux)
Package atveryend Info: Executing hook `AtVeryEndDocument' on input line 365.
Package atveryend Info: Executing hook `AtEndAfterFileList' on input line 365.


Package rerunfilecheck Warning: File `cv2cheatsheet.out' has changed.
(rerunfilecheck)                Rerun to get outlines right
(rerunfilecheck)                or use package `bookmark'.

Package rerunfilecheck Info: Checksums for `cv2cheatsheet.out':
(rerunfilecheck)             Before: <no file>
(rerunfilecheck)             After:  327CBBC478C1124BDA9092F6CEE7482D;1522.
runsystem(del cv2cheatsheet.pyg)...executed.

Package atveryend Info: Empty hook `AtVeryVeryEnd' on input line 365.
 ) 
Here is how much of TeX's memory you used:
 12784 strings out of 492946
 283645 string characters out of 3139493
 463901 words of memory out of 3000000
 15993 multiletter control sequences out of 15000+200000
 10494 words of font info for 39 fonts, out of 3000000 for 9000
 1141 hyphenation exceptions out of 8191
 31i,10n,42p,966b,553s stack positions out of 5000i,500n,10000p,200000b,50000s
<C:/Tool/MiKTeX 2.9/fonts/type1/public/amsfonts/cm/cmbx10.pfb><C:/Tool/MiKTeX
 2.9/fonts/type1/public/amsfonts/cm/cmbx12.pfb><C:/Tool/MiKTeX 2.9/fonts/type1/
public/amsfonts/cm/cmbx8.pfb><C:/Tool/MiKTeX 2.9/fonts/type1/public/amsfonts/cm
/cmbx9.pfb><C:/Tool/MiKTeX 2.9/fonts/type1/public/amsfonts/cm/cmmi6.pfb><C:/Too
l/MiKTeX 2.9/fonts/type1/public/amsfonts/cm/cmmi8.pfb><C:/Tool/MiKTeX 2.9/fonts
/type1/public/amsfonts/cm/cmr6.pfb><C:/Tool/MiKTeX 2.9/fonts/type1/public/amsfo
nts/cm/cmr7.pfb><C:/Tool/MiKTeX 2.9/fonts/type1/public/amsfonts/cm/cmr8.pfb><C:
/Tool/MiKTeX 2.9/fonts/type1/public/amsfonts/cm/cmr9.pfb><C:/Tool/MiKTeX 2.9/fo
nts/type1/public/amsfonts/cm/cmsy6.pfb><C:/Tool/MiKTeX 2.9/fonts/type1/public/a
msfonts/cm/cmsy7.pfb><C:/Tool/MiKTeX 2.9/fonts/type1/public/amsfonts/cm/cmsy8.p
fb><C:/Tool/MiKTeX 2.9/fonts/type1/public/amsfonts/cm/cmti8.pfb><C:/Tool/MiKTeX
 2.9/fonts/type1/public/amsfonts/cm/cmtt8.pfb><C:/Tool/MiKTeX 2.9/fonts/type1/p
ublic/amsfonts/cm/cmtt9.pfb>
Output written on cv2cheatsheet.pdf (2 pages, 202658 bytes).
PDF statistics:
 109 PDF objects out of 1000 (max. 8388607)
 26 named destinations out of 1000 (max. 500000)
 1 words of extra memory for PDF output out of 10000 (max. 10000000)

