\BOOKMARK [1][-]{section*.1}{I/O}{}% 1
\BOOKMARK [2][-]{section*.2}{Color/Intensity}{section*.1}% 2
\BOOKMARK [3][-]{section*.3}{Other useful color spaces}{section*.2}% 3
\BOOKMARK [2][-]{section*.4}{Channel manipulation}{section*.1}% 4
\BOOKMARK [2][-]{section*.5}{Arithmetic operations}{section*.1}% 5
\BOOKMARK [2][-]{section*.6}{Logical operations}{section*.1}% 6
\BOOKMARK [2][-]{section*.7}{Statistics}{section*.1}% 7
\BOOKMARK [2][-]{section*.8}{Filtering}{section*.1}% 8
\BOOKMARK [3][-]{section*.9}{Borders}{section*.8}% 9
\BOOKMARK [2][-]{section*.10}{Differential operators}{section*.1}% 10
\BOOKMARK [2][-]{section*.11}{Geometric transforms}{section*.1}% 11
\BOOKMARK [3][-]{section*.12}{Interpolation methods}{section*.11}% 12
\BOOKMARK [2][-]{section*.13}{Segmentation}{section*.1}% 13
\BOOKMARK [2][-]{section*.14}{Features}{section*.1}% 14
\BOOKMARK [2][-]{section*.15}{Detection}{section*.1}% 15
\BOOKMARK [2][-]{section*.16}{Motion and Tracking}{section*.1}% 16
\BOOKMARK [2][-]{section*.17}{Drawing on the image}{section*.1}% 17
\BOOKMARK [3][-]{section*.18}{Parameters}{section*.17}% 18
\BOOKMARK [2][-]{section*.19}{Calibration and Stereo}{section*.1}% 19
\BOOKMARK [2][-]{section*.20}{Termination criteria \(used in e.g. K-Means, Camera calibration\)}{section*.1}% 20
\BOOKMARK [2][-]{section*.21}{Useful stuff}{section*.1}% 21
\BOOKMARK [3][-]{section*.22}{Numpy \(pythonnp.\)}{section*.21}% 22
\BOOKMARK [3][-]{section*.23}{Matplotlib.pyplot \(pythonplt.\)}{section*.21}% 23
